# JRE version: OpenJDK Runtime Environment (11.0.12+7) (build 11.0.12+7-b1504.28-7817840)
# Java VM: OpenJDK 64-Bit Server VM (11.0.12+7-b1504.28-7817840, mixed mode, tiered, compressed oops, g1 gc, windows-amd64)
Heap:
 garbage-first heap   total 189440K, used 124928K [0x0000000080000000, 0x0000000100000000)
  region size 1024K, 28 young (28672K), 9 survivors (9216K)
 Metaspace       used 88073K, capacity 90181K, committed 90360K, reserved 1128448K
  class space    used 11343K, capacity 12132K, committed 12280K, reserved 1048576K
GC Heap History (20 events):
Event: 9.376 GC heap before
{Heap before GC invocations=9 (full 0):
 garbage-first heap   total 157696K, used 111570K [0x0000000080000000, 0x0000000100000000)
  region size 1024K, 92 young (94208K), 7 survivors (7168K)
 Metaspace       used 42150K, capacity 43083K, committed 43264K, reserved 1087488K
  class space    used 5427K, capacity 5788K, committed 5888K, reserved 1048576K
}
Event: 9.395 GC heap after
{Heap after GC invocations=10 (full 0):
 garbage-first heap   total 157696K, used 28773K [0x0000000080000000, 0x0000000100000000)
  region size 1024K, 12 young (12288K), 12 survivors (12288K)
 Metaspace       used 42150K, capacity 43083K, committed 43264K, reserved 1087488K
  class space    used 5427K, capacity 5788K, committed 5888K, reserved 1048576K
}
Event: 11.338 GC heap before
{Heap before GC invocations=10 (full 0):
 garbage-first heap   total 157696K, used 111717K [0x0000000080000000, 0x0000000100000000)
  region size 1024K, 92 young (94208K), 12 survivors (12288K)
 Metaspace       used 48084K, capacity 49250K, committed 49408K, reserved 1091584K
  class space    used 6164K, capacity 6606K, committed 6656K, reserved 1048576K
}
Event: 11.359 GC heap after
{Heap after GC invocations=11 (full 0):
 garbage-first heap   total 157696K, used 31255K [0x0000000080000000, 0x0000000100000000)
  region size 1024K, 9 young (9216K), 9 survivors (9216K)
 Metaspace       used 48084K, capacity 49250K, committed 49408K, reserved 1091584K
  class space    used 6164K, capacity 6606K, committed 6656K, reserved 1048576K
}
Event: 13.434 GC heap before
{Heap before GC invocations=11 (full 0):
 garbage-first heap   total 157696K, used 119319K [0x0000000080000000, 0x0000000100000000)
  region size 1024K, 92 young (94208K), 9 survivors (9216K)
 Metaspace       used 57299K, capacity 58639K, committed 58752K, reserved 1099776K
  class space    used 7255K, capacity 7758K, committed 7808K, reserved 1048576K
}
Event: 13.454 GC heap after
{Heap after GC invocations=12 (full 0):
 garbage-first heap   total 157696K, used 44612K [0x0000000080000000, 0x0000000100000000)
  region size 1024K, 12 young (12288K), 12 survivors (12288K)
 Metaspace       used 57299K, capacity 58639K, committed 58752K, reserved 1099776K
  class space    used 7255K, capacity 7758K, committed 7808K, reserved 1048576K
}
Event: 13.631 GC heap before
{Heap before GC invocations=12 (full 0):
 garbage-first heap   total 157696K, used 51780K [0x0000000080000000, 0x0000000100000000)
  region size 1024K, 20 young (20480K), 12 survivors (12288K)
 Metaspace       used 58511K, capacity 59858K, committed 59904K, reserved 1101824K
  class space    used 7384K, capacity 7903K, committed 7936K, reserved 1048576K
}
Event: 13.652 GC heap after
{Heap after GC invocations=13 (full 0):
 garbage-first heap   total 189440K, used 46424K [0x0000000080000000, 0x0000000100000000)
  region size 1024K, 2 young (2048K), 2 survivors (2048K)
 Metaspace       used 58511K, capacity 59858K, committed 59904K, reserved 1101824K
  class space    used 7384K, capacity 7903K, committed 7936K, reserved 1048576K
}
Event: 15.124 GC heap before
{Heap before GC invocations=14 (full 0):
 garbage-first heap   total 189440K, used 118104K [0x0000000080000000, 0x0000000100000000)
  region size 1024K, 72 young (73728K), 2 survivors (2048K)
 Metaspace       used 65741K, capacity 67264K, committed 67576K, reserved 1107968K
  class space    used 8312K, capacity 8890K, committed 8952K, reserved 1048576K
}
Event: 15.136 GC heap after
{Heap after GC invocations=15 (full 0):
 garbage-first heap   total 189440K, used 51475K [0x0000000080000000, 0x0000000100000000)
  region size 1024K, 7 young (7168K), 7 survivors (7168K)
 Metaspace       used 65741K, capacity 67264K, committed 67576K, reserved 1107968K
  class space    used 8312K, capacity 8890K, committed 8952K, reserved 1048576K
}
Event: 17.030 GC heap before
{Heap before GC invocations=16 (full 0):
 garbage-first heap   total 189440K, used 125203K [0x0000000080000000, 0x0000000100000000)
  region size 1024K, 79 young (80896K), 7 survivors (7168K)
 Metaspace       used 70814K, capacity 72439K, committed 72568K, reserved 1112064K
  class space    used 9156K, capacity 9779K, committed 9848K, reserved 1048576K
}
Event: 17.049 GC heap after
{Heap after GC invocations=17 (full 0):
 garbage-first heap   total 189440K, used 56060K [0x0000000080000000, 0x0000000100000000)
  region size 1024K, 6 young (6144K), 6 survivors (6144K)
 Metaspace       used 70814K, capacity 72439K, committed 72568K, reserved 1112064K
  class space    used 9156K, capacity 9779K, committed 9848K, reserved 1048576K
}
Event: 18.739 GC heap before
{Heap before GC invocations=17 (full 0):
 garbage-first heap   total 189440K, used 130812K [0x0000000080000000, 0x0000000100000000)
  region size 1024K, 79 young (80896K), 6 survivors (6144K)
 Metaspace       used 77459K, capacity 79218K, committed 79480K, reserved 1118208K
  class space    used 10125K, capacity 10787K, committed 10872K, reserved 1048576K
}
Event: 18.755 GC heap after
{Heap after GC invocations=18 (full 0):
 garbage-first heap   total 189440K, used 60397K [0x0000000080000000, 0x0000000100000000)
  region size 1024K, 10 young (10240K), 10 survivors (10240K)
 Metaspace       used 77459K, capacity 79218K, committed 79480K, reserved 1118208K
  class space    used 10125K, capacity 10787K, committed 10872K, reserved 1048576K
}
Event: 20.634 GC heap before
{Heap before GC invocations=18 (full 0):
 garbage-first heap   total 189440K, used 135149K [0x0000000080000000, 0x0000000100000000)
  region size 1024K, 84 young (86016K), 10 survivors (10240K)
 Metaspace       used 83948K, capacity 86018K, committed 86264K, reserved 1124352K
  class space    used 10909K, capacity 11701K, committed 11768K, reserved 1048576K
}
Event: 20.660 GC heap after
{Heap after GC invocations=19 (full 0):
 garbage-first heap   total 189440K, used 67161K [0x0000000080000000, 0x0000000100000000)
  region size 1024K, 11 young (11264K), 11 survivors (11264K)
 Metaspace       used 83948K, capacity 86018K, committed 86264K, reserved 1124352K
  class space    used 10909K, capacity 11701K, committed 11768K, reserved 1048576K
}
Event: 22.291 GC heap before
{Heap before GC invocations=19 (full 0):
 garbage-first heap   total 189440K, used 141913K [0x0000000080000000, 0x0000000100000000)
  region size 1024K, 83 young (84992K), 11 survivors (11264K)
 Metaspace       used 86022K, capacity 88114K, committed 88312K, reserved 1126400K
  class space    used 11137K, capacity 11948K, committed 12024K, reserved 1048576K
}
Event: 22.328 GC heap after
{Heap after GC invocations=20 (full 0):
 garbage-first heap   total 189440K, used 83149K [0x0000000080000000, 0x0000000100000000)
  region size 1024K, 11 young (11264K), 11 survivors (11264K)
 Metaspace       used 86022K, capacity 88114K, committed 88312K, reserved 1126400K
  class space    used 11137K, capacity 11948K, committed 12024K, reserved 1048576K
}
Event: 23.042 GC heap before
{Heap before GC invocations=20 (full 0):
 garbage-first heap   total 189440K, used 134349K [0x0000000080000000, 0x0000000100000000)
  region size 1024K, 52 young (53248K), 11 survivors (11264K)
 Metaspace       used 86299K, capacity 88389K, committed 88568K, reserved 1126400K
  class space    used 11154K, capacity 11952K, committed 12024K, reserved 1048576K
}
Event: 23.074 GC heap after
{Heap after GC invocations=21 (full 0):
 garbage-first heap   total 189440K, used 95232K [0x0000000080000000, 0x0000000100000000)
  region size 1024K, 9 young (9216K), 9 survivors (9216K)
 Metaspace       used 86299K, capacity 88389K, committed 88568K, reserved 1126400K
  class space    used 11154K, capacity 11952K, committed 12024K, reserved 1048576K
}

