# JRE version: OpenJDK Runtime Environment (11.0.12+7) (build 11.0.12+7-b1504.28-7817840)
# Java VM: OpenJDK 64-Bit Server VM (11.0.12+7-b1504.28-7817840, mixed mode, tiered, compressed oops, g1 gc, windows-amd64)
Heap:
 garbage-first heap   total 622592K, used 237122K [0x0000000080000000, 0x0000000100000000)
  region size 1024K, 4 young (4096K), 4 survivors (4096K)
 Metaspace       used 119453K, capacity 122645K, committed 122744K, reserved 1157120K
  class space    used 14753K, capacity 15973K, committed 15992K, reserved 1048576K
GC Heap History (20 events):
Event: 177.527 GC heap after
{Heap after GC invocations=55 (full 0):
 garbage-first heap   total 227328K, used 98640K [0x0000000080000000, 0x0000000100000000)
  region size 1024K, 2 young (2048K), 2 survivors (2048K)
 Metaspace       used 113989K, capacity 116801K, committed 117112K, reserved 1150976K
  class space    used 14083K, capacity 15167K, committed 15224K, reserved 1048576K
}
Event: 178.927 GC heap before
{Heap before GC invocations=55 (full 0):
 garbage-first heap   total 227328K, used 175440K [0x0000000080000000, 0x0000000100000000)
  region size 1024K, 51 young (52224K), 2 survivors (2048K)
 Metaspace       used 117708K, capacity 120784K, committed 121080K, reserved 1155072K
  class space    used 14554K, capacity 15726K, committed 15864K, reserved 1048576K
}
Event: 178.943 GC heap after
{Heap after GC invocations=56 (full 0):
 garbage-first heap   total 273408K, used 125283K [0x0000000080000000, 0x0000000100000000)
  region size 1024K, 8 young (8192K), 8 survivors (8192K)
 Metaspace       used 117708K, capacity 120784K, committed 121080K, reserved 1155072K
  class space    used 14554K, capacity 15726K, committed 15864K, reserved 1048576K
}
Event: 179.559 GC heap before
{Heap before GC invocations=57 (full 0):
 garbage-first heap   total 273408K, used 186723K [0x0000000080000000, 0x0000000100000000)
  region size 1024K, 55 young (56320K), 8 survivors (8192K)
 Metaspace       used 117813K, capacity 120856K, committed 121080K, reserved 1155072K
  class space    used 14560K, capacity 15728K, committed 15864K, reserved 1048576K
}
Event: 179.681 GC heap after
{Heap after GC invocations=58 (full 0):
 garbage-first heap   total 273408K, used 148480K [0x0000000080000000, 0x0000000100000000)
  region size 1024K, 10 young (10240K), 10 survivors (10240K)
 Metaspace       used 117813K, capacity 120856K, committed 121080K, reserved 1155072K
  class space    used 14560K, capacity 15728K, committed 15864K, reserved 1048576K
}
Event: 180.391 GC heap before
{Heap before GC invocations=59 (full 0):
 garbage-first heap   total 273408K, used 203776K [0x0000000080000000, 0x0000000100000000)
  region size 1024K, 64 young (65536K), 10 survivors (10240K)
 Metaspace       used 118459K, capacity 121554K, committed 121720K, reserved 1155072K
  class space    used 14669K, capacity 15852K, committed 15992K, reserved 1048576K
}
Event: 180.481 GC heap after
{Heap after GC invocations=60 (full 0):
 garbage-first heap   total 273408K, used 176513K [0x0000000080000000, 0x0000000100000000)
  region size 1024K, 8 young (8192K), 8 survivors (8192K)
 Metaspace       used 118459K, capacity 121554K, committed 121720K, reserved 1155072K
  class space    used 14669K, capacity 15852K, committed 15992K, reserved 1048576K
}
Event: 180.520 GC heap before
{Heap before GC invocations=60 (full 0):
 garbage-first heap   total 273408K, used 181633K [0x0000000080000000, 0x0000000100000000)
  region size 1024K, 13 young (13312K), 8 survivors (8192K)
 Metaspace       used 118462K, capacity 121554K, committed 121720K, reserved 1155072K
  class space    used 14669K, capacity 15852K, committed 15992K, reserved 1048576K
}
Event: 180.575 GC heap after
{Heap after GC invocations=61 (full 0):
 garbage-first heap   total 273408K, used 176838K [0x0000000080000000, 0x0000000100000000)
  region size 1024K, 2 young (2048K), 2 survivors (2048K)
 Metaspace       used 118462K, capacity 121554K, committed 121720K, reserved 1155072K
  class space    used 14669K, capacity 15852K, committed 15992K, reserved 1048576K
}
Event: 180.751 GC heap before
{Heap before GC invocations=61 (full 0):
 garbage-first heap   total 273408K, used 212678K [0x0000000080000000, 0x0000000100000000)
  region size 1024K, 37 young (37888K), 2 survivors (2048K)
 Metaspace       used 118467K, capacity 121554K, committed 121720K, reserved 1155072K
  class space    used 14669K, capacity 15852K, committed 15992K, reserved 1048576K
}
Event: 180.793 GC heap after
{Heap after GC invocations=62 (full 0):
 garbage-first heap   total 273408K, used 195584K [0x0000000080000000, 0x0000000100000000)
  region size 1024K, 5 young (5120K), 5 survivors (5120K)
 Metaspace       used 118467K, capacity 121554K, committed 121720K, reserved 1155072K
  class space    used 14669K, capacity 15852K, committed 15992K, reserved 1048576K
}
Event: 181.237 GC heap before
{Heap before GC invocations=62 (full 0):
 garbage-first heap   total 273408K, used 220160K [0x0000000080000000, 0x0000000100000000)
  region size 1024K, 29 young (29696K), 5 survivors (5120K)
 Metaspace       used 118670K, capacity 121781K, committed 121976K, reserved 1155072K
  class space    used 14677K, capacity 15858K, committed 15992K, reserved 1048576K
}
Event: 181.285 GC heap after
{Heap after GC invocations=63 (full 0):
 garbage-first heap   total 524288K, used 206848K [0x0000000080000000, 0x0000000100000000)
  region size 1024K, 4 young (4096K), 4 survivors (4096K)
 Metaspace       used 118670K, capacity 121781K, committed 121976K, reserved 1155072K
  class space    used 14677K, capacity 15858K, committed 15992K, reserved 1048576K
}
Event: 183.009 GC heap before
{Heap before GC invocations=64 (full 0):
 garbage-first heap   total 524288K, used 307200K [0x0000000080000000, 0x0000000100000000)
  region size 1024K, 100 young (102400K), 4 survivors (4096K)
 Metaspace       used 119197K, capacity 122405K, committed 122488K, reserved 1155072K
  class space    used 14745K, capacity 15964K, committed 15992K, reserved 1048576K
}
Event: 183.065 GC heap after
{Heap after GC invocations=65 (full 0):
 garbage-first heap   total 524288K, used 219648K [0x0000000080000000, 0x0000000100000000)
  region size 1024K, 13 young (13312K), 13 survivors (13312K)
 Metaspace       used 119197K, capacity 122405K, committed 122488K, reserved 1155072K
  class space    used 14745K, capacity 15964K, committed 15992K, reserved 1048576K
}
Event: 183.128 GC heap before
{Heap before GC invocations=65 (full 0):
 garbage-first heap   total 524288K, used 223744K [0x0000000080000000, 0x0000000100000000)
  region size 1024K, 18 young (18432K), 13 survivors (13312K)
 Metaspace       used 119197K, capacity 122405K, committed 122488K, reserved 1155072K
  class space    used 14745K, capacity 15964K, committed 15992K, reserved 1048576K
}
Event: 183.172 GC heap after
{Heap after GC invocations=66 (full 0):
 garbage-first heap   total 524288K, used 221340K [0x0000000080000000, 0x0000000100000000)
  region size 1024K, 2 young (2048K), 2 survivors (2048K)
 Metaspace       used 119197K, capacity 122405K, committed 122488K, reserved 1155072K
  class space    used 14745K, capacity 15964K, committed 15992K, reserved 1048576K
}
Event: 185.759 GC heap before
{Heap before GC invocations=67 (full 0):
 garbage-first heap   total 524288K, used 331932K [0x0000000080000000, 0x0000000100000000)
  region size 1024K, 95 young (97280K), 2 survivors (2048K)
 Metaspace       used 119441K, capacity 122643K, committed 122744K, reserved 1157120K
  class space    used 14753K, capacity 15973K, committed 15992K, reserved 1048576K
}
Event: 185.813 GC heap after
{Heap after GC invocations=68 (full 0):
 garbage-first heap   total 524288K, used 241308K [0x0000000080000000, 0x0000000100000000)
  region size 1024K, 8 young (8192K), 8 survivors (8192K)
 Metaspace       used 119441K, capacity 122643K, committed 122744K, reserved 1157120K
  class space    used 14753K, capacity 15973K, committed 15992K, reserved 1048576K
}
Event: 185.920 GC heap before
{Heap before GC invocations=68 (full 0):
 garbage-first heap   total 524288K, used 258716K [0x0000000080000000, 0x0000000100000000)
  region size 1024K, 25 young (25600K), 8 survivors (8192K)
 Metaspace       used 119453K, capacity 122645K, committed 122744K, reserved 1157120K
  class space    used 14753K, capacity 15973K, committed 15992K, reserved 1048576K
}

