# JRE version: OpenJDK Runtime Environment (11.0.12+7) (build 11.0.12+7-b1504.28-7817840)
# Java VM: OpenJDK 64-Bit Server VM (11.0.12+7-b1504.28-7817840, mixed mode, tiered, compressed oops, g1 gc, windows-amd64)
Heap:
 garbage-first heap   total 729088K, used 314909K [0x0000000080000000, 0x0000000100000000)
  region size 1024K, 6 young (6144K), 6 survivors (6144K)
 Metaspace       used 157287K, capacity 162018K, committed 162124K, reserved 1189888K
  class space    used 19368K, capacity 21098K, committed 21120K, reserved 1048576K
GC Heap History (20 events):
Event: 548.913 GC heap after
{Heap after GC invocations=68 (full 0):
 garbage-first heap   total 352256K, used 248125K [0x0000000080000000, 0x0000000100000000)
  region size 1024K, 5 young (5120K), 5 survivors (5120K)
 Metaspace       used 157066K, capacity 161813K, committed 162124K, reserved 1189888K
  class space    used 19366K, capacity 21097K, committed 21120K, reserved 1048576K
}
Event: 549.083 GC heap before
{Heap before GC invocations=69 (full 0):
 garbage-first heap   total 352256K, used 284989K [0x0000000080000000, 0x0000000100000000)
  region size 1024K, 41 young (41984K), 5 survivors (5120K)
 Metaspace       used 157072K, capacity 161813K, committed 162124K, reserved 1189888K
  class space    used 19366K, capacity 21097K, committed 21120K, reserved 1048576K
}
Event: 549.147 GC heap after
{Heap after GC invocations=70 (full 0):
 garbage-first heap   total 352256K, used 266240K [0x0000000080000000, 0x0000000100000000)
  region size 1024K, 6 young (6144K), 6 survivors (6144K)
 Metaspace       used 157072K, capacity 161813K, committed 162124K, reserved 1189888K
  class space    used 19366K, capacity 21097K, committed 21120K, reserved 1048576K
}
Event: 549.187 GC heap before
{Heap before GC invocations=70 (full 0):
 garbage-first heap   total 352256K, used 277504K [0x0000000080000000, 0x0000000100000000)
  region size 1024K, 17 young (17408K), 6 survivors (6144K)
 Metaspace       used 157072K, capacity 161813K, committed 162124K, reserved 1189888K
  class space    used 19366K, capacity 21097K, committed 21120K, reserved 1048576K
}
Event: 549.222 GC heap after
{Heap after GC invocations=71 (full 0):
 garbage-first heap   total 352256K, used 261632K [0x0000000080000000, 0x0000000100000000)
  region size 1024K, 3 young (3072K), 3 survivors (3072K)
 Metaspace       used 157072K, capacity 161813K, committed 162124K, reserved 1189888K
  class space    used 19366K, capacity 21097K, committed 21120K, reserved 1048576K
}
Event: 549.343 GC heap before
{Heap before GC invocations=71 (full 0):
 garbage-first heap   total 352256K, used 288256K [0x0000000080000000, 0x0000000100000000)
  region size 1024K, 29 young (29696K), 3 survivors (3072K)
 Metaspace       used 157076K, capacity 161813K, committed 162124K, reserved 1189888K
  class space    used 19366K, capacity 21097K, committed 21120K, reserved 1048576K
}
Event: 549.380 GC heap after
{Heap after GC invocations=72 (full 0):
 garbage-first heap   total 352256K, used 276480K [0x0000000080000000, 0x0000000100000000)
  region size 1024K, 4 young (4096K), 4 survivors (4096K)
 Metaspace       used 157076K, capacity 161813K, committed 162124K, reserved 1189888K
  class space    used 19366K, capacity 21097K, committed 21120K, reserved 1048576K
}
Event: 549.501 GC heap before
{Heap before GC invocations=72 (full 0):
 garbage-first heap   total 352256K, used 294912K [0x0000000080000000, 0x0000000100000000)
  region size 1024K, 22 young (22528K), 4 survivors (4096K)
 Metaspace       used 157078K, capacity 161813K, committed 162124K, reserved 1189888K
  class space    used 19366K, capacity 21097K, committed 21120K, reserved 1048576K
}
Event: 549.528 GC heap after
{Heap after GC invocations=73 (full 0):
 garbage-first heap   total 352256K, used 287232K [0x0000000080000000, 0x0000000100000000)
  region size 1024K, 3 young (3072K), 3 survivors (3072K)
 Metaspace       used 157078K, capacity 161813K, committed 162124K, reserved 1189888K
  class space    used 19366K, capacity 21097K, committed 21120K, reserved 1048576K
}
Event: 549.677 GC heap before
{Heap before GC invocations=73 (full 0):
 garbage-first heap   total 352256K, used 301568K [0x0000000080000000, 0x0000000100000000)
  region size 1024K, 17 young (17408K), 3 survivors (3072K)
 Metaspace       used 157092K, capacity 161813K, committed 162124K, reserved 1189888K
  class space    used 19366K, capacity 21097K, committed 21120K, reserved 1048576K
}
Event: 549.700 GC heap after
{Heap after GC invocations=74 (full 0):
 garbage-first heap   total 352256K, used 291840K [0x0000000080000000, 0x0000000100000000)
  region size 1024K, 3 young (3072K), 3 survivors (3072K)
 Metaspace       used 157092K, capacity 161813K, committed 162124K, reserved 1189888K
  class space    used 19366K, capacity 21097K, committed 21120K, reserved 1048576K
}
Event: 550.058 GC heap before
{Heap before GC invocations=74 (full 0):
 garbage-first heap   total 352256K, used 305152K [0x0000000080000000, 0x0000000100000000)
  region size 1024K, 17 young (17408K), 3 survivors (3072K)
 Metaspace       used 157119K, capacity 161818K, committed 162124K, reserved 1189888K
  class space    used 19366K, capacity 21097K, committed 21120K, reserved 1048576K
}
Event: 550.097 GC heap after
{Heap after GC invocations=75 (full 0):
 garbage-first heap   total 489472K, used 293738K [0x0000000080000000, 0x0000000100000000)
  region size 1024K, 2 young (2048K), 2 survivors (2048K)
 Metaspace       used 157119K, capacity 161818K, committed 162124K, reserved 1189888K
  class space    used 19366K, capacity 21097K, committed 21120K, reserved 1048576K
}
Event: 551.027 GC heap before
{Heap before GC invocations=76 (full 0):
 garbage-first heap   total 489472K, used 354154K [0x0000000080000000, 0x0000000100000000)
  region size 1024K, 62 young (63488K), 2 survivors (2048K)
 Metaspace       used 157195K, capacity 161886K, committed 162124K, reserved 1189888K
  class space    used 19366K, capacity 21097K, committed 21120K, reserved 1048576K
}
Event: 551.059 GC heap after
{Heap after GC invocations=77 (full 0):
 garbage-first heap   total 489472K, used 299109K [0x0000000080000000, 0x0000000100000000)
  region size 1024K, 8 young (8192K), 8 survivors (8192K)
 Metaspace       used 157195K, capacity 161886K, committed 162124K, reserved 1189888K
  class space    used 19366K, capacity 21097K, committed 21120K, reserved 1048576K
}
Event: 551.233 GC heap before
{Heap before GC invocations=77 (full 0):
 garbage-first heap   total 489472K, used 314469K [0x0000000080000000, 0x0000000100000000)
  region size 1024K, 23 young (23552K), 8 survivors (8192K)
 Metaspace       used 157224K, capacity 161950K, committed 162124K, reserved 1189888K
  class space    used 19366K, capacity 21097K, committed 21120K, reserved 1048576K
}
Event: 551.272 GC heap after
{Heap after GC invocations=78 (full 0):
 garbage-first heap   total 489472K, used 296980K [0x0000000080000000, 0x0000000100000000)
  region size 1024K, 3 young (3072K), 3 survivors (3072K)
 Metaspace       used 157224K, capacity 161950K, committed 162124K, reserved 1189888K
  class space    used 19366K, capacity 21097K, committed 21120K, reserved 1048576K
}
Event: 552.735 GC heap before
{Heap before GC invocations=78 (full 0):
 garbage-first heap   total 489472K, used 376852K [0x0000000080000000, 0x0000000100000000)
  region size 1024K, 68 young (69632K), 3 survivors (3072K)
 Metaspace       used 157286K, capacity 162018K, committed 162124K, reserved 1189888K
  class space    used 19368K, capacity 21098K, committed 21120K, reserved 1048576K
}
Event: 552.760 GC heap after
{Heap after GC invocations=79 (full 0):
 garbage-first heap   total 489472K, used 314740K [0x0000000080000000, 0x0000000100000000)
  region size 1024K, 6 young (6144K), 6 survivors (6144K)
 Metaspace       used 157286K, capacity 162018K, committed 162124K, reserved 1189888K
  class space    used 19368K, capacity 21098K, committed 21120K, reserved 1048576K
}
Event: 552.813 GC heap before
{Heap before GC invocations=79 (full 0):
 garbage-first heap   total 489472K, used 316788K [0x0000000080000000, 0x0000000100000000)
  region size 1024K, 10 young (10240K), 6 survivors (6144K)
 Metaspace       used 157287K, capacity 162018K, committed 162124K, reserved 1189888K
  class space    used 19368K, capacity 21098K, committed 21120K, reserved 1048576K
}

