# JRE version: OpenJDK Runtime Environment (11.0.12+7) (build 11.0.12+7-b1504.28-7817840)
# Java VM: OpenJDK 64-Bit Server VM (11.0.12+7-b1504.28-7817840, mixed mode, tiered, compressed oops, g1 gc, windows-amd64)
Heap:
 garbage-first heap   total 415744K, used 205786K [0x0000000080000000, 0x0000000100000000)
  region size 1024K, 2 young (2048K), 2 survivors (2048K)
 Metaspace       used 99317K, capacity 101856K, committed 101964K, reserved 1136640K
  class space    used 12945K, capacity 13925K, committed 13952K, reserved 1048576K
GC Heap History (20 events):
Event: 29.634 GC heap after
{Heap after GC invocations=26 (full 0):
 garbage-first heap   total 227328K, used 159232K [0x0000000080000000, 0x0000000100000000)
  region size 1024K, 5 young (5120K), 5 survivors (5120K)
 Metaspace       used 95486K, capacity 97780K, committed 98124K, reserved 1134592K
  class space    used 12456K, capacity 13321K, committed 13440K, reserved 1048576K
}
Event: 30.021 GC heap before
{Heap before GC invocations=26 (full 0):
 garbage-first heap   total 227328K, used 179712K [0x0000000080000000, 0x0000000100000000)
  region size 1024K, 25 young (25600K), 5 survivors (5120K)
 Metaspace       used 95499K, capacity 97783K, committed 98124K, reserved 1134592K
  class space    used 12456K, capacity 13321K, committed 13440K, reserved 1048576K
}
Event: 30.054 GC heap after
{Heap after GC invocations=27 (full 0):
 garbage-first heap   total 273408K, used 169984K [0x0000000080000000, 0x0000000100000000)
  region size 1024K, 4 young (4096K), 4 survivors (4096K)
 Metaspace       used 95499K, capacity 97783K, committed 98124K, reserved 1134592K
  class space    used 12456K, capacity 13321K, committed 13440K, reserved 1048576K
}
Event: 30.661 GC heap before
{Heap before GC invocations=28 (full 0):
 garbage-first heap   total 273408K, used 203776K [0x0000000080000000, 0x0000000100000000)
  region size 1024K, 37 young (37888K), 4 survivors (4096K)
 Metaspace       used 95509K, capacity 97787K, committed 98124K, reserved 1134592K
  class space    used 12456K, capacity 13321K, committed 13440K, reserved 1048576K
}
Event: 30.713 GC heap after
{Heap after GC invocations=29 (full 0):
 garbage-first heap   total 273408K, used 187904K [0x0000000080000000, 0x0000000100000000)
  region size 1024K, 5 young (5120K), 5 survivors (5120K)
 Metaspace       used 95509K, capacity 97787K, committed 98124K, reserved 1134592K
  class space    used 12456K, capacity 13321K, committed 13440K, reserved 1048576K
}
Event: 31.405 GC heap before
{Heap before GC invocations=29 (full 0):
 garbage-first heap   total 273408K, used 212480K [0x0000000080000000, 0x0000000100000000)
  region size 1024K, 30 young (30720K), 5 survivors (5120K)
 Metaspace       used 97552K, capacity 99948K, committed 100172K, reserved 1136640K
  class space    used 12729K, capacity 13629K, committed 13696K, reserved 1048576K
}
Event: 31.437 GC heap after
{Heap after GC invocations=30 (full 0):
 garbage-first heap   total 273408K, used 196096K [0x0000000080000000, 0x0000000100000000)
  region size 1024K, 4 young (4096K), 4 survivors (4096K)
 Metaspace       used 97552K, capacity 99948K, committed 100172K, reserved 1136640K
  class space    used 12729K, capacity 13629K, committed 13696K, reserved 1048576K
}
Event: 32.128 GC heap before
{Heap before GC invocations=30 (full 0):
 garbage-first heap   total 273408K, used 219648K [0x0000000080000000, 0x0000000100000000)
  region size 1024K, 27 young (27648K), 4 survivors (4096K)
 Metaspace       used 98332K, capacity 100879K, committed 101068K, reserved 1136640K
  class space    used 12852K, capacity 13811K, committed 13824K, reserved 1048576K
}
Event: 32.157 GC heap after
{Heap after GC invocations=31 (full 0):
 garbage-first heap   total 273408K, used 201073K [0x0000000080000000, 0x0000000100000000)
  region size 1024K, 4 young (4096K), 4 survivors (4096K)
 Metaspace       used 98332K, capacity 100879K, committed 101068K, reserved 1136640K
  class space    used 12852K, capacity 13811K, committed 13824K, reserved 1048576K
}
Event: 32.775 GC heap before
{Heap before GC invocations=32 (full 0):
 garbage-first heap   total 273408K, used 209265K [0x0000000080000000, 0x0000000100000000)
  region size 1024K, 26 young (26624K), 4 survivors (4096K)
 Metaspace       used 98518K, capacity 101053K, committed 101068K, reserved 1136640K
  class space    used 12873K, capacity 13820K, committed 13824K, reserved 1048576K
}
Event: 32.800 GC heap after
{Heap after GC invocations=33 (full 0):
 garbage-first heap   total 328704K, used 190607K [0x0000000080000000, 0x0000000100000000)
  region size 1024K, 4 young (4096K), 4 survivors (4096K)
 Metaspace       used 98518K, capacity 101053K, committed 101068K, reserved 1136640K
  class space    used 12873K, capacity 13820K, committed 13824K, reserved 1048576K
}
Event: 32.986 GC heap before
{Heap before GC invocations=33 (full 0):
 garbage-first heap   total 328704K, used 201871K [0x0000000080000000, 0x0000000100000000)
  region size 1024K, 16 young (16384K), 4 survivors (4096K)
 Metaspace       used 98621K, capacity 101165K, committed 101452K, reserved 1136640K
  class space    used 12885K, capacity 13835K, committed 13952K, reserved 1048576K
}
Event: 33.003 GC heap after
{Heap after GC invocations=34 (full 0):
 garbage-first heap   total 328704K, used 191099K [0x0000000080000000, 0x0000000100000000)
  region size 1024K, 2 young (2048K), 2 survivors (2048K)
 Metaspace       used 98621K, capacity 101165K, committed 101452K, reserved 1136640K
  class space    used 12885K, capacity 13835K, committed 13952K, reserved 1048576K
}
Event: 33.486 GC heap before
{Heap before GC invocations=34 (full 0):
 garbage-first heap   total 328704K, used 214651K [0x0000000080000000, 0x0000000100000000)
  region size 1024K, 26 young (26624K), 2 survivors (2048K)
 Metaspace       used 98902K, capacity 101433K, committed 101708K, reserved 1136640K
  class space    used 12908K, capacity 13875K, committed 13952K, reserved 1048576K
}
Event: 33.498 GC heap after
{Heap after GC invocations=35 (full 0):
 garbage-first heap   total 328704K, used 192400K [0x0000000080000000, 0x0000000100000000)
  region size 1024K, 3 young (3072K), 3 survivors (3072K)
 Metaspace       used 98902K, capacity 101433K, committed 101708K, reserved 1136640K
  class space    used 12908K, capacity 13875K, committed 13952K, reserved 1048576K
}
Event: 36.100 GC heap before
{Heap before GC invocations=36 (full 0):
 garbage-first heap   total 328704K, used 252816K [0x0000000080000000, 0x0000000100000000)
  region size 1024K, 52 young (53248K), 3 survivors (3072K)
 Metaspace       used 99140K, capacity 101660K, committed 101964K, reserved 1136640K
  class space    used 12927K, capacity 13883K, committed 13952K, reserved 1048576K
}
Event: 36.139 GC heap after
{Heap after GC invocations=37 (full 0):
 garbage-first heap   total 328704K, used 204605K [0x0000000080000000, 0x0000000100000000)
  region size 1024K, 4 young (4096K), 4 survivors (4096K)
 Metaspace       used 99140K, capacity 101660K, committed 101964K, reserved 1136640K
  class space    used 12927K, capacity 13883K, committed 13952K, reserved 1048576K
}
Event: 36.893 GC heap before
{Heap before GC invocations=37 (full 0):
 garbage-first heap   total 328704K, used 220989K [0x0000000080000000, 0x0000000100000000)
  region size 1024K, 16 young (16384K), 4 survivors (4096K)
 Metaspace       used 99317K, capacity 101856K, committed 101964K, reserved 1136640K
  class space    used 12945K, capacity 13925K, committed 13952K, reserved 1048576K
}
Event: 36.947 GC heap after
{Heap after GC invocations=38 (full 0):
 garbage-first heap   total 328704K, used 205845K [0x0000000080000000, 0x0000000100000000)
  region size 1024K, 2 young (2048K), 2 survivors (2048K)
 Metaspace       used 99317K, capacity 101856K, committed 101964K, reserved 1136640K
  class space    used 12945K, capacity 13925K, committed 13952K, reserved 1048576K
}
Event: 36.974 GC heap before
{Heap before GC invocations=38 (full 0):
 garbage-first heap   total 328704K, used 206869K [0x0000000080000000, 0x0000000100000000)
  region size 1024K, 4 young (4096K), 2 survivors (2048K)
 Metaspace       used 99317K, capacity 101856K, committed 101964K, reserved 1136640K
  class space    used 12945K, capacity 13925K, committed 13952K, reserved 1048576K
}

