# JRE version: OpenJDK Runtime Environment (11.0.12+7) (build 11.0.12+7-b1504.28-7817840)
# Java VM: OpenJDK 64-Bit Server VM (11.0.12+7-b1504.28-7817840, mixed mode, tiered, compressed oops, g1 gc, windows-amd64)
Heap:
 garbage-first heap   total 157696K, used 50351K [0x0000000080000000, 0x0000000100000000)
  region size 1024K, 6 young (6144K), 2 survivors (2048K)
 Metaspace       used 57001K, capacity 58363K, committed 58444K, reserved 1107968K
  class space    used 7242K, capacity 7729K, committed 7808K, reserved 1048576K
GC Heap History (20 events):
Event: 6.322 GC heap before
{Heap before GC invocations=1 (full 0):
 garbage-first heap   total 131072K, used 71246K [0x0000000080000000, 0x0000000100000000)
  region size 1024K, 64 young (65536K), 2 survivors (2048K)
 Metaspace       used 11690K, capacity 11936K, committed 12160K, reserved 1060864K
  class space    used 1281K, capacity 1344K, committed 1408K, reserved 1048576K
}
Event: 6.337 GC heap after
{Heap after GC invocations=2 (full 0):
 garbage-first heap   total 131072K, used 14073K [0x0000000080000000, 0x0000000100000000)
  region size 1024K, 8 young (8192K), 8 survivors (8192K)
 Metaspace       used 11690K, capacity 11936K, committed 12160K, reserved 1060864K
  class space    used 1281K, capacity 1344K, committed 1408K, reserved 1048576K
}
Event: 10.073 GC heap before
{Heap before GC invocations=2 (full 0):
 garbage-first heap   total 131072K, used 62201K [0x0000000080000000, 0x0000000100000000)
  region size 1024K, 55 young (56320K), 8 survivors (8192K)
 Metaspace       used 20278K, capacity 20688K, committed 20864K, reserved 1067008K
  class space    used 2491K, capacity 2645K, committed 2688K, reserved 1048576K
}
Event: 10.093 GC heap after
{Heap after GC invocations=3 (full 0):
 garbage-first heap   total 131072K, used 17459K [0x0000000080000000, 0x0000000100000000)
  region size 1024K, 3 young (3072K), 3 survivors (3072K)
 Metaspace       used 20278K, capacity 20688K, committed 20864K, reserved 1067008K
  class space    used 2491K, capacity 2645K, committed 2688K, reserved 1048576K
}
Event: 10.161 GC heap before
{Heap before GC invocations=3 (full 0):
 garbage-first heap   total 131072K, used 19507K [0x0000000080000000, 0x0000000100000000)
  region size 1024K, 6 young (6144K), 3 survivors (3072K)
 Metaspace       used 20708K, capacity 21139K, committed 21248K, reserved 1067008K
  class space    used 2539K, capacity 2710K, committed 2816K, reserved 1048576K
}
Event: 10.169 GC heap after
{Heap after GC invocations=4 (full 0):
 garbage-first heap   total 131072K, used 17497K [0x0000000080000000, 0x0000000100000000)
  region size 1024K, 3 young (3072K), 3 survivors (3072K)
 Metaspace       used 20708K, capacity 21139K, committed 21248K, reserved 1067008K
  class space    used 2539K, capacity 2710K, committed 2816K, reserved 1048576K
}
Event: 11.063 GC heap before
{Heap before GC invocations=5 (full 0):
 garbage-first heap   total 131072K, used 63577K [0x0000000080000000, 0x0000000100000000)
  region size 1024K, 48 young (49152K), 3 survivors (3072K)
 Metaspace       used 25418K, capacity 25937K, committed 26112K, reserved 1071104K
  class space    used 3260K, capacity 3484K, committed 3584K, reserved 1048576K
}
Event: 11.072 GC heap after
{Heap after GC invocations=6 (full 0):
 garbage-first heap   total 131072K, used 19243K [0x0000000080000000, 0x0000000100000000)
  region size 1024K, 5 young (5120K), 5 survivors (5120K)
 Metaspace       used 25418K, capacity 25937K, committed 26112K, reserved 1071104K
  class space    used 3260K, capacity 3484K, committed 3584K, reserved 1048576K
}
Event: 12.028 GC heap before
{Heap before GC invocations=6 (full 0):
 garbage-first heap   total 131072K, used 70443K [0x0000000080000000, 0x0000000100000000)
  region size 1024K, 55 young (56320K), 5 survivors (5120K)
 Metaspace       used 30462K, capacity 31132K, committed 31232K, reserved 1077248K
  class space    used 4068K, capacity 4308K, committed 4352K, reserved 1048576K
}
Event: 12.040 GC heap after
{Heap after GC invocations=7 (full 0):
 garbage-first heap   total 131072K, used 20778K [0x0000000080000000, 0x0000000100000000)
  region size 1024K, 4 young (4096K), 4 survivors (4096K)
 Metaspace       used 30462K, capacity 31132K, committed 31232K, reserved 1077248K
  class space    used 4068K, capacity 4308K, committed 4352K, reserved 1048576K
}
Event: 12.497 GC heap before
{Heap before GC invocations=7 (full 0):
 garbage-first heap   total 131072K, used 35114K [0x0000000080000000, 0x0000000100000000)
  region size 1024K, 19 young (19456K), 4 survivors (4096K)
 Metaspace       used 34967K, capacity 35790K, committed 35840K, reserved 1081344K
  class space    used 4531K, capacity 4839K, committed 4864K, reserved 1048576K
}
Event: 12.514 GC heap after
{Heap after GC invocations=8 (full 0):
 garbage-first heap   total 131072K, used 22562K [0x0000000080000000, 0x0000000100000000)
  region size 1024K, 6 young (6144K), 6 survivors (6144K)
 Metaspace       used 34967K, capacity 35790K, committed 35840K, reserved 1081344K
  class space    used 4531K, capacity 4839K, committed 4864K, reserved 1048576K
}
Event: 13.627 GC heap before
{Heap before GC invocations=9 (full 0):
 garbage-first heap   total 131072K, used 78882K [0x0000000080000000, 0x0000000100000000)
  region size 1024K, 59 young (60416K), 6 survivors (6144K)
 Metaspace       used 39378K, capacity 40346K, committed 40396K, reserved 1085440K
  class space    used 5024K, capacity 5353K, committed 5376K, reserved 1048576K
}
Event: 13.644 GC heap after
{Heap after GC invocations=10 (full 0):
 garbage-first heap   total 131072K, used 28119K [0x0000000080000000, 0x0000000100000000)
  region size 1024K, 8 young (8192K), 8 survivors (8192K)
 Metaspace       used 39378K, capacity 40346K, committed 40396K, reserved 1085440K
  class space    used 5024K, capacity 5353K, committed 5376K, reserved 1048576K
}
Event: 15.035 GC heap before
{Heap before GC invocations=10 (full 0):
 garbage-first heap   total 131072K, used 83415K [0x0000000080000000, 0x0000000100000000)
  region size 1024K, 61 young (62464K), 8 survivors (8192K)
 Metaspace       used 44402K, capacity 45437K, committed 45772K, reserved 1089536K
  class space    used 5685K, capacity 6057K, committed 6144K, reserved 1048576K
}
Event: 15.053 GC heap after
{Heap after GC invocations=11 (full 0):
 garbage-first heap   total 131072K, used 30424K [0x0000000080000000, 0x0000000100000000)
  region size 1024K, 7 young (7168K), 7 survivors (7168K)
 Metaspace       used 44402K, capacity 45437K, committed 45772K, reserved 1089536K
  class space    used 5685K, capacity 6057K, committed 6144K, reserved 1048576K
}
Event: 16.146 GC heap before
{Heap before GC invocations=11 (full 0):
 garbage-first heap   total 131072K, used 86744K [0x0000000080000000, 0x0000000100000000)
  region size 1024K, 62 young (63488K), 7 survivors (7168K)
 Metaspace       used 48028K, capacity 49202K, committed 49356K, reserved 1091584K
  class space    used 6166K, capacity 6610K, committed 6656K, reserved 1048576K
}
Event: 16.162 GC heap after
{Heap after GC invocations=12 (full 0):
 garbage-first heap   total 131072K, used 32647K [0x0000000080000000, 0x0000000100000000)
  region size 1024K, 5 young (5120K), 5 survivors (5120K)
 Metaspace       used 48028K, capacity 49202K, committed 49356K, reserved 1091584K
  class space    used 6166K, capacity 6610K, committed 6656K, reserved 1048576K
}
Event: 17.485 GC heap before
{Heap before GC invocations=12 (full 0):
 garbage-first heap   total 131072K, used 94087K [0x0000000080000000, 0x0000000100000000)
  region size 1024K, 62 young (63488K), 5 survivors (5120K)
 Metaspace       used 52396K, capacity 53647K, committed 53708K, reserved 1095680K
  class space    used 6699K, capacity 7157K, committed 7168K, reserved 1048576K
}
Event: 17.502 GC heap after
{Heap after GC invocations=13 (full 0):
 garbage-first heap   total 157696K, used 45599K [0x0000000080000000, 0x0000000100000000)
  region size 1024K, 8 young (8192K), 8 survivors (8192K)
 Metaspace       used 52396K, capacity 53647K, committed 53708K, reserved 1095680K
  class space    used 6699K, capacity 7157K, committed 7168K, reserved 1048576K
}

