# JRE version: OpenJDK Runtime Environment (11.0.12+7) (build 11.0.12+7-b1504.28-7817840)
# Java VM: OpenJDK 64-Bit Server VM (11.0.12+7-b1504.28-7817840, mixed mode, tiered, compressed oops, g1 gc, windows-amd64)
Heap:
 garbage-first heap   total 419840K, used 253433K [0x0000000080000000, 0x0000000100000000)
  region size 1024K, 2 young (2048K), 2 survivors (2048K)
 Metaspace       used 141965K, capacity 145673K, committed 145920K, reserved 1175552K
  class space    used 17687K, capacity 19087K, committed 19200K, reserved 1048576K
GC Heap History (20 events):
Event: 398.254 GC heap after
{Heap after GC invocations=74 (full 0):
 garbage-first heap   total 273408K, used 192495K [0x0000000080000000, 0x0000000100000000)
  region size 1024K, 1 young (1024K), 1 survivors (1024K)
 Metaspace       used 124812K, capacity 127954K, committed 128256K, reserved 1161216K
  class space    used 15379K, capacity 16530K, committed 16640K, reserved 1048576K
}
Event: 398.672 GC heap before
{Heap before GC invocations=74 (full 0):
 garbage-first heap   total 273408K, used 220143K [0x0000000080000000, 0x0000000100000000)
  region size 1024K, 29 young (29696K), 1 survivors (1024K)
 Metaspace       used 127035K, capacity 130162K, committed 130304K, reserved 1163264K
  class space    used 15669K, capacity 16818K, committed 16896K, reserved 1048576K
}
Event: 398.678 GC heap after
{Heap after GC invocations=75 (full 0):
 garbage-first heap   total 273408K, used 192822K [0x0000000080000000, 0x0000000100000000)
  region size 1024K, 2 young (2048K), 2 survivors (2048K)
 Metaspace       used 127035K, capacity 130162K, committed 130304K, reserved 1163264K
  class space    used 15669K, capacity 16818K, committed 16896K, reserved 1048576K
}
Event: 399.381 GC heap before
{Heap before GC invocations=75 (full 0):
 garbage-first heap   total 273408K, used 221494K [0x0000000080000000, 0x0000000100000000)
  region size 1024K, 31 young (31744K), 2 survivors (2048K)
 Metaspace       used 127937K, capacity 131030K, committed 131072K, reserved 1163264K
  class space    used 15746K, capacity 16886K, committed 16896K, reserved 1048576K
}
Event: 399.393 GC heap after
{Heap after GC invocations=76 (full 0):
 garbage-first heap   total 273408K, used 195734K [0x0000000080000000, 0x0000000100000000)
  region size 1024K, 4 young (4096K), 4 survivors (4096K)
 Metaspace       used 127937K, capacity 131030K, committed 131072K, reserved 1163264K
  class space    used 15746K, capacity 16886K, committed 16896K, reserved 1048576K
}
Event: 399.895 GC heap before
{Heap before GC invocations=76 (full 0):
 garbage-first heap   total 273408K, used 224406K [0x0000000080000000, 0x0000000100000000)
  region size 1024K, 33 young (33792K), 4 survivors (4096K)
 Metaspace       used 128287K, capacity 131387K, committed 131712K, reserved 1163264K
  class space    used 15791K, capacity 16932K, committed 17024K, reserved 1048576K
}
Event: 399.908 GC heap after
{Heap after GC invocations=77 (full 0):
 garbage-first heap   total 273408K, used 197683K [0x0000000080000000, 0x0000000100000000)
  region size 1024K, 2 young (2048K), 2 survivors (2048K)
 Metaspace       used 128287K, capacity 131387K, committed 131712K, reserved 1163264K
  class space    used 15791K, capacity 16932K, committed 17024K, reserved 1048576K
}
Event: 400.477 GC heap before
{Heap before GC invocations=77 (full 0):
 garbage-first heap   total 273408K, used 226355K [0x0000000080000000, 0x0000000100000000)
  region size 1024K, 31 young (31744K), 2 survivors (2048K)
 Metaspace       used 128821K, capacity 131959K, committed 132224K, reserved 1165312K
  class space    used 15837K, capacity 17005K, committed 17024K, reserved 1048576K
}
Event: 400.490 GC heap after
{Heap after GC invocations=78 (full 0):
 garbage-first heap   total 328704K, used 199766K [0x0000000080000000, 0x0000000100000000)
  region size 1024K, 4 young (4096K), 4 survivors (4096K)
 Metaspace       used 128821K, capacity 131959K, committed 132224K, reserved 1165312K
  class space    used 15837K, capacity 17005K, committed 17024K, reserved 1048576K
}
Event: 402.295 GC heap before
{Heap before GC invocations=78 (full 0):
 garbage-first heap   total 328704K, used 248918K [0x0000000080000000, 0x0000000100000000)
  region size 1024K, 53 young (54272K), 4 survivors (4096K)
 Metaspace       used 136999K, capacity 140326K, committed 140416K, reserved 1171456K
  class space    used 17015K, capacity 18290K, committed 18304K, reserved 1048576K
}
Event: 402.309 GC heap after
{Heap after GC invocations=79 (full 0):
 garbage-first heap   total 328704K, used 201910K [0x0000000080000000, 0x0000000100000000)
  region size 1024K, 5 young (5120K), 5 survivors (5120K)
 Metaspace       used 136999K, capacity 140326K, committed 140416K, reserved 1171456K
  class space    used 17015K, capacity 18290K, committed 18304K, reserved 1048576K
}
Event: 404.135 GC heap before
{Heap before GC invocations=79 (full 0):
 garbage-first heap   total 328704K, used 276662K [0x0000000080000000, 0x0000000100000000)
  region size 1024K, 56 young (57344K), 5 survivors (5120K)
 Metaspace       used 140960K, capacity 144653K, committed 144768K, reserved 1175552K
  class space    used 17566K, capacity 18964K, committed 19072K, reserved 1048576K
}
Event: 404.153 GC heap after
{Heap after GC invocations=80 (full 0):
 garbage-first heap   total 328704K, used 226239K [0x0000000080000000, 0x0000000100000000)
  region size 1024K, 7 young (7168K), 7 survivors (7168K)
 Metaspace       used 140960K, capacity 144653K, committed 144768K, reserved 1175552K
  class space    used 17566K, capacity 18964K, committed 19072K, reserved 1048576K
}
Event: 404.731 GC heap before
{Heap before GC invocations=80 (full 0):
 garbage-first heap   total 328704K, used 287679K [0x0000000080000000, 0x0000000100000000)
  region size 1024K, 48 young (49152K), 7 survivors (7168K)
 Metaspace       used 141200K, capacity 144885K, committed 145024K, reserved 1175552K
  class space    used 17580K, capacity 18998K, committed 19072K, reserved 1048576K
}
Event: 404.773 GC heap after
{Heap after GC invocations=81 (full 0):
 garbage-first heap   total 328704K, used 250001K [0x0000000080000000, 0x0000000100000000)
  region size 1024K, 6 young (6144K), 6 survivors (6144K)
 Metaspace       used 141200K, capacity 144885K, committed 145024K, reserved 1175552K
  class space    used 17580K, capacity 18998K, committed 19072K, reserved 1048576K
}
Event: 405.205 GC heap before
{Heap before GC invocations=81 (full 0):
 garbage-first heap   total 328704K, used 276625K [0x0000000080000000, 0x0000000100000000)
  region size 1024K, 32 young (32768K), 6 survivors (6144K)
 Metaspace       used 141896K, capacity 145605K, committed 145920K, reserved 1175552K
  class space    used 17687K, capacity 19087K, committed 19200K, reserved 1048576K
}
Event: 405.254 GC heap after
{Heap after GC invocations=82 (full 0):
 garbage-first heap   total 328704K, used 263168K [0x0000000080000000, 0x0000000100000000)
  region size 1024K, 4 young (4096K), 4 survivors (4096K)
 Metaspace       used 141896K, capacity 145605K, committed 145920K, reserved 1175552K
  class space    used 17687K, capacity 19087K, committed 19200K, reserved 1048576K
}
Event: 405.507 GC heap before
{Heap before GC invocations=82 (full 0):
 garbage-first heap   total 328704K, used 280576K [0x0000000080000000, 0x0000000100000000)
  region size 1024K, 21 young (21504K), 4 survivors (4096K)
 Metaspace       used 141919K, capacity 145606K, committed 145920K, reserved 1175552K
  class space    used 17687K, capacity 19087K, committed 19200K, reserved 1048576K
}
Event: 405.541 GC heap after
{Heap after GC invocations=83 (full 0):
 garbage-first heap   total 328704K, used 272896K [0x0000000080000000, 0x0000000100000000)
  region size 1024K, 3 young (3072K), 3 survivors (3072K)
 Metaspace       used 141919K, capacity 145606K, committed 145920K, reserved 1175552K
  class space    used 17687K, capacity 19087K, committed 19200K, reserved 1048576K
}
Event: 405.892 GC heap before
{Heap before GC invocations=83 (full 0):
 garbage-first heap   total 328704K, used 259584K [0x0000000080000000, 0x0000000100000000)
  region size 1024K, 16 young (16384K), 3 survivors (3072K)
 Metaspace       used 141965K, capacity 145673K, committed 145920K, reserved 1175552K
  class space    used 17687K, capacity 19087K, committed 19200K, reserved 1048576K
}

