# JRE version: OpenJDK Runtime Environment (11.0.12+7) (build 11.0.12+7-b1504.28-7817840)
# Java VM: OpenJDK 64-Bit Server VM (11.0.12+7-b1504.28-7817840, mixed mode, tiered, compressed oops, g1 gc, windows-amd64)
Heap:
 garbage-first heap   total 227328K, used 133120K [0x0000000080000000, 0x0000000100000000)
  region size 1024K, 37 young (37888K), 9 survivors (9216K)
 Metaspace       used 92807K, capacity 95031K, committed 95352K, reserved 1132544K
  class space    used 11712K, capacity 12555K, committed 12664K, reserved 1048576K
GC Heap History (20 events):
Event: 9.510 GC heap before
{Heap before GC invocations=11 (full 0):
 garbage-first heap   total 157696K, used 112087K [0x0000000080000000, 0x0000000100000000)
  region size 1024K, 92 young (94208K), 12 survivors (12288K)
 Metaspace       used 48052K, capacity 49208K, committed 49408K, reserved 1091584K
  class space    used 6168K, capacity 6615K, committed 6656K, reserved 1048576K
}
Event: 9.532 GC heap after
{Heap after GC invocations=12 (full 0):
 garbage-first heap   total 157696K, used 31937K [0x0000000080000000, 0x0000000100000000)
  region size 1024K, 9 young (9216K), 9 survivors (9216K)
 Metaspace       used 48052K, capacity 49208K, committed 49408K, reserved 1091584K
  class space    used 6168K, capacity 6615K, committed 6656K, reserved 1048576K
}
Event: 11.121 GC heap before
{Heap before GC invocations=12 (full 0):
 garbage-first heap   total 157696K, used 118977K [0x0000000080000000, 0x0000000100000000)
  region size 1024K, 91 young (93184K), 9 survivors (9216K)
 Metaspace       used 56938K, capacity 58367K, committed 58496K, reserved 1099776K
  class space    used 7233K, capacity 7734K, committed 7808K, reserved 1048576K
}
Event: 11.142 GC heap after
{Heap after GC invocations=13 (full 0):
 garbage-first heap   total 189440K, used 45534K [0x0000000080000000, 0x0000000100000000)
  region size 1024K, 12 young (12288K), 12 survivors (12288K)
 Metaspace       used 56938K, capacity 58367K, committed 58496K, reserved 1099776K
  class space    used 7233K, capacity 7734K, committed 7808K, reserved 1048576K
}
Event: 11.385 GC heap before
{Heap before GC invocations=13 (full 0):
 garbage-first heap   total 189440K, used 55774K [0x0000000080000000, 0x0000000100000000)
  region size 1024K, 23 young (23552K), 12 survivors (12288K)
 Metaspace       used 58544K, capacity 59879K, committed 59904K, reserved 1101824K
  class space    used 7398K, capacity 7912K, committed 7936K, reserved 1048576K
}
Event: 11.408 GC heap after
{Heap after GC invocations=14 (full 0):
 garbage-first heap   total 189440K, used 47859K [0x0000000080000000, 0x0000000100000000)
  region size 1024K, 2 young (2048K), 2 survivors (2048K)
 Metaspace       used 58544K, capacity 59879K, committed 59904K, reserved 1101824K
  class space    used 7398K, capacity 7912K, committed 7936K, reserved 1048576K
}
Event: 12.799 GC heap before
{Heap before GC invocations=15 (full 0):
 garbage-first heap   total 189440K, used 114419K [0x0000000080000000, 0x0000000100000000)
  region size 1024K, 68 young (69632K), 2 survivors (2048K)
 Metaspace       used 65402K, capacity 66897K, committed 67064K, reserved 1107968K
  class space    used 8291K, capacity 8860K, committed 8952K, reserved 1048576K
}
Event: 12.811 GC heap after
{Heap after GC invocations=16 (full 0):
 garbage-first heap   total 189440K, used 51997K [0x0000000080000000, 0x0000000100000000)
  region size 1024K, 6 young (6144K), 6 survivors (6144K)
 Metaspace       used 65402K, capacity 66897K, committed 67064K, reserved 1107968K
  class space    used 8291K, capacity 8860K, committed 8952K, reserved 1048576K
}
Event: 13.945 GC heap before
{Heap before GC invocations=17 (full 0):
 garbage-first heap   total 189440K, used 123677K [0x0000000080000000, 0x0000000100000000)
  region size 1024K, 75 young (76800K), 6 survivors (6144K)
 Metaspace       used 69802K, capacity 71423K, committed 71544K, reserved 1112064K
  class space    used 8945K, capacity 9550K, committed 9592K, reserved 1048576K
}
Event: 13.962 GC heap after
{Heap after GC invocations=18 (full 0):
 garbage-first heap   total 189440K, used 56833K [0x0000000080000000, 0x0000000100000000)
  region size 1024K, 5 young (5120K), 5 survivors (5120K)
 Metaspace       used 69802K, capacity 71423K, committed 71544K, reserved 1112064K
  class space    used 8945K, capacity 9550K, committed 9592K, reserved 1048576K
}
Event: 15.690 GC heap before
{Heap before GC invocations=18 (full 0):
 garbage-first heap   total 189440K, used 128513K [0x0000000080000000, 0x0000000100000000)
  region size 1024K, 75 young (76800K), 5 survivors (5120K)
 Metaspace       used 76769K, capacity 78465K, committed 78584K, reserved 1118208K
  class space    used 10047K, capacity 10695K, committed 10744K, reserved 1048576K
}
Event: 15.707 GC heap after
{Heap after GC invocations=19 (full 0):
 garbage-first heap   total 189440K, used 60605K [0x0000000080000000, 0x0000000100000000)
  region size 1024K, 9 young (9216K), 9 survivors (9216K)
 Metaspace       used 76769K, capacity 78465K, committed 78584K, reserved 1118208K
  class space    used 10047K, capacity 10695K, committed 10744K, reserved 1048576K
}
Event: 17.384 GC heap before
{Heap before GC invocations=19 (full 0):
 garbage-first heap   total 189440K, used 132285K [0x0000000080000000, 0x0000000100000000)
  region size 1024K, 80 young (81920K), 9 survivors (9216K)
 Metaspace       used 83698K, capacity 85721K, committed 85880K, reserved 1124352K
  class space    used 10880K, capacity 11627K, committed 11640K, reserved 1048576K
}
Event: 17.410 GC heap after
{Heap after GC invocations=20 (full 0):
 garbage-first heap   total 227328K, used 67032K [0x0000000080000000, 0x0000000100000000)
  region size 1024K, 10 young (10240K), 10 survivors (10240K)
 Metaspace       used 83698K, capacity 85721K, committed 85880K, reserved 1124352K
  class space    used 10880K, capacity 11627K, committed 11640K, reserved 1048576K
}
Event: 19.650 GC heap before
{Heap before GC invocations=20 (full 0):
 garbage-first heap   total 227328K, used 154072K [0x0000000080000000, 0x0000000100000000)
  region size 1024K, 96 young (98304K), 10 survivors (10240K)
 Metaspace       used 85857K, capacity 87943K, committed 88056K, reserved 1126400K
  class space    used 11106K, capacity 11931K, committed 12024K, reserved 1048576K
}
Event: 19.679 GC heap after
{Heap after GC invocations=21 (full 0):
 garbage-first heap   total 227328K, used 76587K [0x0000000080000000, 0x0000000100000000)
  region size 1024K, 9 young (9216K), 9 survivors (9216K)
 Metaspace       used 85857K, capacity 87943K, committed 88056K, reserved 1126400K
  class space    used 11106K, capacity 11931K, committed 12024K, reserved 1048576K
}
Event: 21.631 GC heap before
{Heap before GC invocations=21 (full 0):
 garbage-first heap   total 227328K, used 172843K [0x0000000080000000, 0x0000000100000000)
  region size 1024K, 93 young (95232K), 9 survivors (9216K)
 Metaspace       used 87697K, capacity 89814K, committed 89976K, reserved 1126400K
  class space    used 11278K, capacity 12086K, committed 12152K, reserved 1048576K
}
Event: 21.672 GC heap after
{Heap after GC invocations=22 (full 0):
 garbage-first heap   total 227328K, used 96256K [0x0000000080000000, 0x0000000100000000)
  region size 1024K, 12 young (12288K), 12 survivors (12288K)
 Metaspace       used 87697K, capacity 89814K, committed 89976K, reserved 1126400K
  class space    used 11278K, capacity 12086K, committed 12152K, reserved 1048576K
}
Event: 23.134 GC heap before
{Heap before GC invocations=22 (full 0):
 garbage-first heap   total 227328K, used 183296K [0x0000000080000000, 0x0000000100000000)
  region size 1024K, 83 young (84992K), 12 survivors (12288K)
 Metaspace       used 91911K, capacity 94120K, committed 94200K, reserved 1130496K
  class space    used 11649K, capacity 12475K, committed 12536K, reserved 1048576K
}
Event: 23.166 GC heap after
{Heap after GC invocations=23 (full 0):
 garbage-first heap   total 227328K, used 106496K [0x0000000080000000, 0x0000000100000000)
  region size 1024K, 9 young (9216K), 9 survivors (9216K)
 Metaspace       used 91911K, capacity 94120K, committed 94200K, reserved 1130496K
  class space    used 11649K, capacity 12475K, committed 12536K, reserved 1048576K
}

