# JRE version: OpenJDK Runtime Environment (11.0.12+7) (build 11.0.12+7-b1504.28-7817840)
# Java VM: OpenJDK 64-Bit Server VM (11.0.12+7-b1504.28-7817840, mixed mode, tiered, compressed oops, g1 gc, windows-amd64)
Heap:
 garbage-first heap   total 157696K, used 103939K [0x0000000080000000, 0x0000000100000000)
  region size 1024K, 35 young (35840K), 7 survivors (7168K)
 Metaspace       used 67612K, capacity 69380K, committed 69504K, reserved 1110016K
  class space    used 8641K, capacity 9260K, committed 9344K, reserved 1048576K
GC Heap History (20 events):
Event: 7.592 GC heap before
{Heap before GC invocations=6 (full 0):
 garbage-first heap   total 131072K, used 69360K [0x0000000080000000, 0x0000000100000000)
  region size 1024K, 57 young (58368K), 5 survivors (5120K)
 Metaspace       used 26403K, capacity 26992K, committed 27264K, reserved 1073152K
  class space    used 3420K, capacity 3636K, committed 3712K, reserved 1048576K
}
Event: 7.607 GC heap after
{Heap after GC invocations=7 (full 0):
 garbage-first heap   total 131072K, used 19146K [0x0000000080000000, 0x0000000100000000)
  region size 1024K, 3 young (3072K), 3 survivors (3072K)
 Metaspace       used 26403K, capacity 26992K, committed 27264K, reserved 1073152K
  class space    used 3420K, capacity 3636K, committed 3712K, reserved 1048576K
}
Event: 9.144 GC heap before
{Heap before GC invocations=7 (full 0):
 garbage-first heap   total 131072K, used 86730K [0x0000000080000000, 0x0000000100000000)
  region size 1024K, 60 young (61440K), 3 survivors (3072K)
 Metaspace       used 31270K, capacity 32160K, committed 32256K, reserved 1077248K
  class space    used 4198K, capacity 4527K, committed 4608K, reserved 1048576K
}
Event: 9.159 GC heap after
{Heap after GC invocations=8 (full 0):
 garbage-first heap   total 157696K, used 34401K [0x0000000080000000, 0x0000000100000000)
  region size 1024K, 8 young (8192K), 8 survivors (8192K)
 Metaspace       used 31270K, capacity 32160K, committed 32256K, reserved 1077248K
  class space    used 4198K, capacity 4527K, committed 4608K, reserved 1048576K
}
Event: 10.014 GC heap before
{Heap before GC invocations=8 (full 0):
 garbage-first heap   total 157696K, used 56929K [0x0000000080000000, 0x0000000100000000)
  region size 1024K, 31 young (31744K), 8 survivors (8192K)
 Metaspace       used 34863K, capacity 35770K, committed 35840K, reserved 1081344K
  class space    used 4644K, capacity 4985K, committed 4992K, reserved 1048576K
}
Event: 10.036 GC heap after
{Heap after GC invocations=9 (full 0):
 garbage-first heap   total 157696K, used 36370K [0x0000000080000000, 0x0000000100000000)
  region size 1024K, 2 young (2048K), 2 survivors (2048K)
 Metaspace       used 34863K, capacity 35770K, committed 35840K, reserved 1081344K
  class space    used 4644K, capacity 4985K, committed 4992K, reserved 1048576K
}
Event: 12.048 GC heap before
{Heap before GC invocations=10 (full 0):
 garbage-first heap   total 157696K, used 97810K [0x0000000080000000, 0x0000000100000000)
  region size 1024K, 59 young (60416K), 2 survivors (2048K)
 Metaspace       used 41772K, capacity 42890K, committed 43136K, reserved 1087488K
  class space    used 5343K, capacity 5731K, committed 5760K, reserved 1048576K
}
Event: 12.061 GC heap after
{Heap after GC invocations=11 (full 0):
 garbage-first heap   total 157696K, used 41286K [0x0000000080000000, 0x0000000100000000)
  region size 1024K, 7 young (7168K), 7 survivors (7168K)
 Metaspace       used 41772K, capacity 42890K, committed 43136K, reserved 1087488K
  class space    used 5343K, capacity 5731K, committed 5760K, reserved 1048576K
}
Event: 14.120 GC heap before
{Heap before GC invocations=11 (full 0):
 garbage-first heap   total 157696K, used 104774K [0x0000000080000000, 0x0000000100000000)
  region size 1024K, 65 young (66560K), 7 survivors (7168K)
 Metaspace       used 46338K, capacity 47491K, committed 47616K, reserved 1091584K
  class space    used 5869K, capacity 6297K, committed 6400K, reserved 1048576K
}
Event: 14.147 GC heap after
{Heap after GC invocations=12 (full 0):
 garbage-first heap   total 157696K, used 49512K [0x0000000080000000, 0x0000000100000000)
  region size 1024K, 5 young (5120K), 5 survivors (5120K)
 Metaspace       used 46338K, capacity 47491K, committed 47616K, reserved 1091584K
  class space    used 5869K, capacity 6297K, committed 6400K, reserved 1048576K
}
Event: 16.332 GC heap before
{Heap before GC invocations=12 (full 0):
 garbage-first heap   total 157696K, used 114024K [0x0000000080000000, 0x0000000100000000)
  region size 1024K, 64 young (65536K), 5 survivors (5120K)
 Metaspace       used 51357K, capacity 52739K, committed 52864K, reserved 1095680K
  class space    used 6731K, capacity 7238K, committed 7296K, reserved 1048576K
}
Event: 16.347 GC heap after
{Heap after GC invocations=13 (full 0):
 garbage-first heap   total 157696K, used 58073K [0x0000000080000000, 0x0000000100000000)
  region size 1024K, 5 young (5120K), 5 survivors (5120K)
 Metaspace       used 51357K, capacity 52739K, committed 52864K, reserved 1095680K
  class space    used 6731K, capacity 7238K, committed 7296K, reserved 1048576K
}
Event: 18.035 GC heap before
{Heap before GC invocations=13 (full 0):
 garbage-first heap   total 157696K, used 114393K [0x0000000080000000, 0x0000000100000000)
  region size 1024K, 61 young (62464K), 5 survivors (5120K)
 Metaspace       used 55843K, capacity 57448K, committed 57600K, reserved 1099776K
  class space    used 7305K, capacity 7847K, committed 7936K, reserved 1048576K
}
Event: 18.050 GC heap after
{Heap after GC invocations=14 (full 0):
 garbage-first heap   total 157696K, used 60720K [0x0000000080000000, 0x0000000100000000)
  region size 1024K, 7 young (7168K), 7 survivors (7168K)
 Metaspace       used 55843K, capacity 57448K, committed 57600K, reserved 1099776K
  class space    used 7305K, capacity 7847K, committed 7936K, reserved 1048576K
}
Event: 18.656 GC heap before
{Heap before GC invocations=14 (full 0):
 garbage-first heap   total 157696K, used 68912K [0x0000000080000000, 0x0000000100000000)
  region size 1024K, 16 young (16384K), 7 survivors (7168K)
 Metaspace       used 58522K, capacity 60077K, committed 60160K, reserved 1101824K
  class space    used 7588K, capacity 8142K, committed 8192K, reserved 1048576K
}
Event: 18.675 GC heap after
{Heap after GC invocations=15 (full 0):
 garbage-first heap   total 157696K, used 62011K [0x0000000080000000, 0x0000000100000000)
  region size 1024K, 5 young (5120K), 5 survivors (5120K)
 Metaspace       used 58522K, capacity 60077K, committed 60160K, reserved 1101824K
  class space    used 7588K, capacity 8142K, committed 8192K, reserved 1048576K
}
Event: 23.715 GC heap before
{Heap before GC invocations=16 (full 0):
 garbage-first heap   total 157696K, used 109115K [0x0000000080000000, 0x0000000100000000)
  region size 1024K, 52 young (53248K), 5 survivors (5120K)
 Metaspace       used 64529K, capacity 66222K, committed 66304K, reserved 1105920K
  class space    used 8327K, capacity 8908K, committed 8960K, reserved 1048576K
}
Event: 23.729 GC heap after
{Heap after GC invocations=17 (full 0):
 garbage-first heap   total 157696K, used 64905K [0x0000000080000000, 0x0000000100000000)
  region size 1024K, 5 young (5120K), 5 survivors (5120K)
 Metaspace       used 64529K, capacity 66222K, committed 66304K, reserved 1105920K
  class space    used 8327K, capacity 8908K, committed 8960K, reserved 1048576K
}
Event: 29.076 GC heap before
{Heap before GC invocations=17 (full 0):
 garbage-first heap   total 157696K, used 118153K [0x0000000080000000, 0x0000000100000000)
  region size 1024K, 54 young (55296K), 5 survivors (5120K)
 Metaspace       used 66042K, capacity 67805K, committed 67968K, reserved 1107968K
  class space    used 8436K, capacity 9015K, committed 9088K, reserved 1048576K
}
Event: 29.090 GC heap after
{Heap after GC invocations=18 (full 0):
 garbage-first heap   total 157696K, used 76291K [0x0000000080000000, 0x0000000100000000)
  region size 1024K, 7 young (7168K), 7 survivors (7168K)
 Metaspace       used 66042K, capacity 67805K, committed 67968K, reserved 1107968K
  class space    used 8436K, capacity 9015K, committed 9088K, reserved 1048576K
}

