# JRE version: OpenJDK Runtime Environment (11.0.12+7) (build 11.0.12+7-b1504.28-7817840)
# Java VM: OpenJDK 64-Bit Server VM (11.0.12+7-b1504.28-7817840, mixed mode, tiered, compressed oops, g1 gc, windows-amd64)
Heap:
 garbage-first heap   total 227328K, used 165324K [0x0000000080000000, 0x0000000100000000)
  region size 1024K, 70 young (71680K), 13 survivors (13312K)
 Metaspace       used 89498K, capacity 91651K, committed 91904K, reserved 1128448K
  class space    used 11411K, capacity 12223K, committed 12288K, reserved 1048576K
GC Heap History (20 events):
Event: 4.242 GC heap before
{Heap before GC invocations=6 (full 0):
 garbage-first heap   total 131072K, used 68571K [0x0000000080000000, 0x0000000100000000)
  region size 1024K, 52 young (53248K), 2 survivors (2048K)
 Metaspace       used 26172K, capacity 26751K, committed 27008K, reserved 1073152K
  class space    used 3388K, capacity 3587K, committed 3712K, reserved 1048576K
}
Event: 4.252 GC heap after
{Heap after GC invocations=7 (full 0):
 garbage-first heap   total 157696K, used 19162K [0x0000000080000000, 0x0000000100000000)
  region size 1024K, 3 young (3072K), 3 survivors (3072K)
 Metaspace       used 26172K, capacity 26751K, committed 27008K, reserved 1073152K
  class space    used 3388K, capacity 3587K, committed 3712K, reserved 1048576K
}
Event: 5.831 GC heap before
{Heap before GC invocations=8 (full 0):
 garbage-first heap   total 157696K, used 110298K [0x0000000080000000, 0x0000000100000000)
  region size 1024K, 92 young (94208K), 3 survivors (3072K)
 Metaspace       used 37107K, capacity 37968K, committed 38144K, reserved 1083392K
  class space    used 4769K, capacity 5116K, committed 5120K, reserved 1048576K
}
Event: 5.846 GC heap after
{Heap after GC invocations=9 (full 0):
 garbage-first heap   total 157696K, used 24979K [0x0000000080000000, 0x0000000100000000)
  region size 1024K, 9 young (9216K), 9 survivors (9216K)
 Metaspace       used 37107K, capacity 37968K, committed 38144K, reserved 1083392K
  class space    used 4769K, capacity 5116K, committed 5120K, reserved 1048576K
}
Event: 7.116 GC heap before
{Heap before GC invocations=9 (full 0):
 garbage-first heap   total 157696K, used 99731K [0x0000000080000000, 0x0000000100000000)
  region size 1024K, 80 young (81920K), 9 survivors (9216K)
 Metaspace       used 43910K, capacity 44892K, committed 44928K, reserved 1087488K
  class space    used 5593K, capacity 5983K, committed 6016K, reserved 1048576K
}
Event: 7.135 GC heap after
{Heap after GC invocations=10 (full 0):
 garbage-first heap   total 157696K, used 28848K [0x0000000080000000, 0x0000000100000000)
  region size 1024K, 10 young (10240K), 10 survivors (10240K)
 Metaspace       used 43910K, capacity 44892K, committed 44928K, reserved 1087488K
  class space    used 5593K, capacity 5983K, committed 6016K, reserved 1048576K
}
Event: 8.830 GC heap before
{Heap before GC invocations=11 (full 0):
 garbage-first heap   total 157696K, used 113840K [0x0000000080000000, 0x0000000100000000)
  region size 1024K, 92 young (94208K), 10 survivors (10240K)
 Metaspace       used 48334K, capacity 49487K, committed 49664K, reserved 1091584K
  class space    used 6188K, capacity 6617K, committed 6656K, reserved 1048576K
}
Event: 8.851 GC heap after
{Heap after GC invocations=12 (full 0):
 garbage-first heap   total 157696K, used 38611K [0x0000000080000000, 0x0000000100000000)
  region size 1024K, 12 young (12288K), 12 survivors (12288K)
 Metaspace       used 48334K, capacity 49487K, committed 49664K, reserved 1091584K
  class space    used 6188K, capacity 6617K, committed 6656K, reserved 1048576K
}
Event: 10.228 GC heap before
{Heap before GC invocations=12 (full 0):
 garbage-first heap   total 157696K, used 121555K [0x0000000080000000, 0x0000000100000000)
  region size 1024K, 91 young (93184K), 12 survivors (12288K)
 Metaspace       used 58749K, capacity 60187K, committed 60288K, reserved 1101824K
  class space    used 7434K, capacity 7972K, committed 8064K, reserved 1048576K
}
Event: 10.250 GC heap after
{Heap after GC invocations=13 (full 0):
 garbage-first heap   total 189440K, used 46302K [0x0000000080000000, 0x0000000100000000)
  region size 1024K, 6 young (6144K), 6 survivors (6144K)
 Metaspace       used 58749K, capacity 60187K, committed 60288K, reserved 1101824K
  class space    used 7434K, capacity 7972K, committed 8064K, reserved 1048576K
}
Event: 11.885 GC heap before
{Heap before GC invocations=13 (full 0):
 garbage-first heap   total 189440K, used 140510K [0x0000000080000000, 0x0000000100000000)
  region size 1024K, 98 young (100352K), 6 survivors (6144K)
 Metaspace       used 66462K, capacity 68062K, committed 68224K, reserved 1107968K
  class space    used 8427K, capacity 9027K, committed 9088K, reserved 1048576K
}
Event: 11.902 GC heap after
{Heap after GC invocations=14 (full 0):
 garbage-first heap   total 189440K, used 53067K [0x0000000080000000, 0x0000000100000000)
  region size 1024K, 13 young (13312K), 13 survivors (13312K)
 Metaspace       used 66462K, capacity 68062K, committed 68224K, reserved 1107968K
  class space    used 8427K, capacity 9027K, committed 9088K, reserved 1048576K
}
Event: 13.510 GC heap before
{Heap before GC invocations=14 (full 0):
 garbage-first heap   total 189440K, used 129867K [0x0000000080000000, 0x0000000100000000)
  region size 1024K, 89 young (91136K), 13 survivors (13312K)
 Metaspace       used 73537K, capacity 75139K, committed 75264K, reserved 1114112K
  class space    used 9534K, capacity 10154K, committed 10240K, reserved 1048576K
}
Event: 13.547 GC heap after
{Heap after GC invocations=15 (full 0):
 garbage-first heap   total 189440K, used 57637K [0x0000000080000000, 0x0000000100000000)
  region size 1024K, 5 young (5120K), 5 survivors (5120K)
 Metaspace       used 73537K, capacity 75139K, committed 75264K, reserved 1114112K
  class space    used 9534K, capacity 10154K, committed 10240K, reserved 1048576K
}
Event: 15.568 GC heap before
{Heap before GC invocations=16 (full 0):
 garbage-first heap   total 189440K, used 147749K [0x0000000080000000, 0x0000000100000000)
  region size 1024K, 93 young (95232K), 5 survivors (5120K)
 Metaspace       used 82691K, capacity 84622K, committed 84736K, reserved 1122304K
  class space    used 10735K, capacity 11455K, committed 11520K, reserved 1048576K
}
Event: 15.599 GC heap after
{Heap after GC invocations=17 (full 0):
 garbage-first heap   total 189440K, used 64714K [0x0000000080000000, 0x0000000100000000)
  region size 1024K, 12 young (12288K), 12 survivors (12288K)
 Metaspace       used 82691K, capacity 84622K, committed 84736K, reserved 1122304K
  class space    used 10735K, capacity 11455K, committed 11520K, reserved 1048576K
}
Event: 17.851 GC heap before
{Heap before GC invocations=18 (full 0):
 garbage-first heap   total 189440K, used 147658K [0x0000000080000000, 0x0000000100000000)
  region size 1024K, 94 young (96256K), 12 survivors (12288K)
 Metaspace       used 85673K, capacity 87775K, committed 88064K, reserved 1126400K
  class space    used 11098K, capacity 11916K, committed 12032K, reserved 1048576K
}
Event: 17.880 GC heap after
{Heap after GC invocations=19 (full 0):
 garbage-first heap   total 227328K, used 70639K [0x0000000080000000, 0x0000000100000000)
  region size 1024K, 6 young (6144K), 6 survivors (6144K)
 Metaspace       used 85673K, capacity 87775K, committed 88064K, reserved 1126400K
  class space    used 11098K, capacity 11916K, committed 12032K, reserved 1048576K
}
Event: 20.018 GC heap before
{Heap before GC invocations=19 (full 0):
 garbage-first heap   total 227328K, used 178159K [0x0000000080000000, 0x0000000100000000)
  region size 1024K, 101 young (103424K), 6 survivors (6144K)
 Metaspace       used 87574K, capacity 89673K, committed 89984K, reserved 1126400K
  class space    used 11267K, capacity 12038K, committed 12160K, reserved 1048576K
}
Event: 20.062 GC heap after
{Heap after GC invocations=20 (full 0):
 garbage-first heap   total 227328K, used 93644K [0x0000000080000000, 0x0000000100000000)
  region size 1024K, 13 young (13312K), 13 survivors (13312K)
 Metaspace       used 87574K, capacity 89673K, committed 89984K, reserved 1126400K
  class space    used 11267K, capacity 12038K, committed 12160K, reserved 1048576K
}

