# JRE version: OpenJDK Runtime Environment (11.0.12+7) (build 11.0.12+7-b1504.28-7817840)
# Java VM: OpenJDK 64-Bit Server VM (11.0.12+7-b1504.28-7817840, mixed mode, tiered, compressed oops, g1 gc, windows-amd64)
Heap:
 garbage-first heap   total 227328K, used 102400K [0x0000000080000000, 0x0000000100000000)
  region size 1024K, 6 young (6144K), 6 survivors (6144K)
 Metaspace       used 87666K, capacity 89757K, committed 89932K, reserved 1126400K
  class space    used 11268K, capacity 12064K, committed 12160K, reserved 1048576K
GC Heap History (20 events):
Event: 9.335 GC heap after
{Heap after GC invocations=10 (full 0):
 garbage-first heap   total 157696K, used 29143K [0x0000000080000000, 0x0000000100000000)
  region size 1024K, 12 young (12288K), 12 survivors (12288K)
 Metaspace       used 41896K, capacity 42855K, committed 43084K, reserved 1087488K
  class space    used 5389K, capacity 5753K, committed 5760K, reserved 1048576K
}
Event: 10.862 GC heap before
{Heap before GC invocations=10 (full 0):
 garbage-first heap   total 157696K, used 111063K [0x0000000080000000, 0x0000000100000000)
  region size 1024K, 92 young (94208K), 12 survivors (12288K)
 Metaspace       used 48039K, capacity 49209K, committed 49356K, reserved 1091584K
  class space    used 6167K, capacity 6613K, committed 6656K, reserved 1048576K
}
Event: 10.884 GC heap after
{Heap after GC invocations=11 (full 0):
 garbage-first heap   total 157696K, used 31824K [0x0000000080000000, 0x0000000100000000)
  region size 1024K, 9 young (9216K), 9 survivors (9216K)
 Metaspace       used 48039K, capacity 49209K, committed 49356K, reserved 1091584K
  class space    used 6167K, capacity 6613K, committed 6656K, reserved 1048576K
}
Event: 12.536 GC heap before
{Heap before GC invocations=11 (full 0):
 garbage-first heap   total 157696K, used 118864K [0x0000000080000000, 0x0000000100000000)
  region size 1024K, 91 young (93184K), 9 survivors (9216K)
 Metaspace       used 55998K, capacity 57362K, committed 57548K, reserved 1099776K
  class space    used 7135K, capacity 7629K, committed 7680K, reserved 1048576K
}
Event: 12.558 GC heap after
{Heap after GC invocations=12 (full 0):
 garbage-first heap   total 157696K, used 45536K [0x0000000080000000, 0x0000000100000000)
  region size 1024K, 12 young (12288K), 12 survivors (12288K)
 Metaspace       used 55998K, capacity 57362K, committed 57548K, reserved 1099776K
  class space    used 7135K, capacity 7629K, committed 7680K, reserved 1048576K
}
Event: 12.978 GC heap before
{Heap before GC invocations=12 (full 0):
 garbage-first heap   total 157696K, used 61920K [0x0000000080000000, 0x0000000100000000)
  region size 1024K, 29 young (29696K), 12 survivors (12288K)
 Metaspace       used 58742K, capacity 60107K, committed 60236K, reserved 1101824K
  class space    used 7424K, capacity 7942K, committed 8064K, reserved 1048576K
}
Event: 13.003 GC heap after
{Heap after GC invocations=13 (full 0):
 garbage-first heap   total 189440K, used 47571K [0x0000000080000000, 0x0000000100000000)
  region size 1024K, 2 young (2048K), 2 survivors (2048K)
 Metaspace       used 58742K, capacity 60107K, committed 60236K, reserved 1101824K
  class space    used 7424K, capacity 7942K, committed 8064K, reserved 1048576K
}
Event: 15.631 GC heap before
{Heap before GC invocations=14 (full 0):
 garbage-first heap   total 189440K, used 126419K [0x0000000080000000, 0x0000000100000000)
  region size 1024K, 79 young (80896K), 2 survivors (2048K)
 Metaspace       used 66381K, capacity 67859K, committed 68172K, reserved 1107968K
  class space    used 8409K, capacity 8998K, committed 9088K, reserved 1048576K
}
Event: 15.647 GC heap after
{Heap after GC invocations=15 (full 0):
 garbage-first heap   total 189440K, used 52181K [0x0000000080000000, 0x0000000100000000)
  region size 1024K, 7 young (7168K), 7 survivors (7168K)
 Metaspace       used 66381K, capacity 67859K, committed 68172K, reserved 1107968K
  class space    used 8409K, capacity 8998K, committed 9088K, reserved 1048576K
}
Event: 17.162 GC heap before
{Heap before GC invocations=15 (full 0):
 garbage-first heap   total 189440K, used 131029K [0x0000000080000000, 0x0000000100000000)
  region size 1024K, 84 young (86016K), 7 survivors (7168K)
 Metaspace       used 72350K, capacity 73954K, committed 74188K, reserved 1114112K
  class space    used 9362K, capacity 9956K, committed 9984K, reserved 1048576K
}
Event: 17.181 GC heap after
{Heap after GC invocations=16 (full 0):
 garbage-first heap   total 189440K, used 58086K [0x0000000080000000, 0x0000000100000000)
  region size 1024K, 6 young (6144K), 6 survivors (6144K)
 Metaspace       used 72350K, capacity 73954K, committed 74188K, reserved 1114112K
  class space    used 9362K, capacity 9956K, committed 9984K, reserved 1048576K
}
Event: 19.259 GC heap before
{Heap before GC invocations=16 (full 0):
 garbage-first heap   total 189440K, used 136934K [0x0000000080000000, 0x0000000100000000)
  region size 1024K, 83 young (84992K), 6 survivors (6144K)
 Metaspace       used 79954K, capacity 81675K, committed 81996K, reserved 1120256K
  class space    used 10405K, capacity 11064K, committed 11136K, reserved 1048576K
}
Event: 19.276 GC heap after
{Heap after GC invocations=17 (full 0):
 garbage-first heap   total 189440K, used 62648K [0x0000000080000000, 0x0000000100000000)
  region size 1024K, 11 young (11264K), 11 survivors (11264K)
 Metaspace       used 79954K, capacity 81675K, committed 81996K, reserved 1120256K
  class space    used 10405K, capacity 11064K, committed 11136K, reserved 1048576K
}
Event: 21.036 GC heap before
{Heap before GC invocations=17 (full 0):
 garbage-first heap   total 189440K, used 140472K [0x0000000080000000, 0x0000000100000000)
  region size 1024K, 88 young (90112K), 11 survivors (11264K)
 Metaspace       used 84288K, capacity 86378K, committed 86476K, reserved 1124352K
  class space    used 10929K, capacity 11728K, committed 11776K, reserved 1048576K
}
Event: 21.070 GC heap after
{Heap after GC invocations=18 (full 0):
 garbage-first heap   total 189440K, used 70088K [0x0000000080000000, 0x0000000100000000)
  region size 1024K, 11 young (11264K), 11 survivors (11264K)
 Metaspace       used 84288K, capacity 86378K, committed 86476K, reserved 1124352K
  class space    used 10929K, capacity 11728K, committed 11776K, reserved 1048576K
}
Event: 22.930 GC heap before
{Heap before GC invocations=18 (full 0):
 garbage-first heap   total 189440K, used 146888K [0x0000000080000000, 0x0000000100000000)
  region size 1024K, 84 young (86016K), 11 survivors (11264K)
 Metaspace       used 86028K, capacity 88195K, committed 88524K, reserved 1126400K
  class space    used 11116K, capacity 11948K, committed 12032K, reserved 1048576K
}
Event: 22.972 GC heap after
{Heap after GC invocations=19 (full 0):
 garbage-first heap   total 189440K, used 88324K [0x0000000080000000, 0x0000000100000000)
  region size 1024K, 11 young (11264K), 11 survivors (11264K)
 Metaspace       used 86028K, capacity 88195K, committed 88524K, reserved 1126400K
  class space    used 11116K, capacity 11948K, committed 12032K, reserved 1048576K
}
Event: 23.691 GC heap before
{Heap before GC invocations=19 (full 0):
 garbage-first heap   total 189440K, used 127236K [0x0000000080000000, 0x0000000100000000)
  region size 1024K, 45 young (46080K), 11 survivors (11264K)
 Metaspace       used 87606K, capacity 89708K, committed 89932K, reserved 1126400K
  class space    used 11283K, capacity 12070K, committed 12160K, reserved 1048576K
}
Event: 23.751 GC heap after
{Heap after GC invocations=20 (full 0):
 garbage-first heap   total 189440K, used 96836K [0x0000000080000000, 0x0000000100000000)
  region size 1024K, 6 young (6144K), 6 survivors (6144K)
 Metaspace       used 87606K, capacity 89708K, committed 89932K, reserved 1126400K
  class space    used 11283K, capacity 12070K, committed 12160K, reserved 1048576K
}
Event: 25.071 GC heap before
{Heap before GC invocations=21 (full 0):
 garbage-first heap   total 189440K, used 131652K [0x0000000080000000, 0x0000000100000000)
  region size 1024K, 39 young (39936K), 6 survivors (6144K)
 Metaspace       used 87666K, capacity 89757K, committed 89932K, reserved 1126400K
  class space    used 11268K, capacity 12064K, committed 12160K, reserved 1048576K
}

