# JRE version: OpenJDK Runtime Environment (11.0.12+7) (build 11.0.12+7-b1504.28-7817840)
# Java VM: OpenJDK 64-Bit Server VM (11.0.12+7-b1504.28-7817840, mixed mode, tiered, compressed oops, g1 gc, windows-amd64)
Heap:
 garbage-first heap   total 273408K, used 101795K [0x0000000080000000, 0x0000000100000000)
  region size 1024K, 2 young (2048K), 2 survivors (2048K)
 Metaspace       used 92123K, capacity 94356K, committed 94668K, reserved 1132544K
  class space    used 11620K, capacity 12447K, committed 12544K, reserved 1048576K
GC Heap History (20 events):
Event: 5.024 GC heap after
{Heap after GC invocations=8 (full 0):
 garbage-first heap   total 157696K, used 22447K [0x0000000080000000, 0x0000000100000000)
  region size 1024K, 7 young (7168K), 7 survivors (7168K)
 Metaspace       used 34922K, capacity 35722K, committed 35840K, reserved 1081344K
  class space    used 4531K, capacity 4839K, committed 4864K, reserved 1048576K
}
Event: 6.216 GC heap before
{Heap before GC invocations=9 (full 0):
 garbage-first heap   total 157696K, used 95151K [0x0000000080000000, 0x0000000100000000)
  region size 1024K, 76 young (77824K), 7 survivors (7168K)
 Metaspace       used 40646K, capacity 41531K, committed 41676K, reserved 1085440K
  class space    used 5190K, capacity 5513K, committed 5632K, reserved 1048576K
}
Event: 6.234 GC heap after
{Heap after GC invocations=10 (full 0):
 garbage-first heap   total 157696K, used 28369K [0x0000000080000000, 0x0000000100000000)
  region size 1024K, 9 young (9216K), 9 survivors (9216K)
 Metaspace       used 40646K, capacity 41531K, committed 41676K, reserved 1085440K
  class space    used 5190K, capacity 5513K, committed 5632K, reserved 1048576K
}
Event: 7.649 GC heap before
{Heap before GC invocations=10 (full 0):
 garbage-first heap   total 157696K, used 113361K [0x0000000080000000, 0x0000000100000000)
  region size 1024K, 91 young (93184K), 9 survivors (9216K)
 Metaspace       used 47633K, capacity 48764K, committed 49100K, reserved 1091584K
  class space    used 6131K, capacity 6531K, committed 6656K, reserved 1048576K
}
Event: 7.669 GC heap after
{Heap after GC invocations=11 (full 0):
 garbage-first heap   total 189440K, used 32138K [0x0000000080000000, 0x0000000100000000)
  region size 1024K, 10 young (10240K), 10 survivors (10240K)
 Metaspace       used 47633K, capacity 48764K, committed 49100K, reserved 1091584K
  class space    used 6131K, capacity 6531K, committed 6656K, reserved 1048576K
}
Event: 9.373 GC heap before
{Heap before GC invocations=11 (full 0):
 garbage-first heap   total 189440K, used 132490K [0x0000000080000000, 0x0000000100000000)
  region size 1024K, 105 young (107520K), 10 survivors (10240K)
 Metaspace       used 56626K, capacity 58019K, committed 58188K, reserved 1099776K
  class space    used 7207K, capacity 7701K, committed 7808K, reserved 1048576K
}
Event: 9.393 GC heap after
{Heap after GC invocations=12 (full 0):
 garbage-first heap   total 189440K, used 45266K [0x0000000080000000, 0x0000000100000000)
  region size 1024K, 14 young (14336K), 14 survivors (14336K)
 Metaspace       used 56626K, capacity 58019K, committed 58188K, reserved 1099776K
  class space    used 7207K, capacity 7701K, committed 7808K, reserved 1048576K
}
Event: 9.678 GC heap before
{Heap before GC invocations=12 (full 0):
 garbage-first heap   total 189440K, used 60626K [0x0000000080000000, 0x0000000100000000)
  region size 1024K, 30 young (30720K), 14 survivors (14336K)
 Metaspace       used 58759K, capacity 60149K, committed 60236K, reserved 1101824K
  class space    used 7435K, capacity 7980K, committed 8064K, reserved 1048576K
}
Event: 9.704 GC heap after
{Heap after GC invocations=13 (full 0):
 garbage-first heap   total 189440K, used 46755K [0x0000000080000000, 0x0000000100000000)
  region size 1024K, 2 young (2048K), 2 survivors (2048K)
 Metaspace       used 58759K, capacity 60149K, committed 60236K, reserved 1101824K
  class space    used 7435K, capacity 7980K, committed 8064K, reserved 1048576K
}
Event: 11.344 GC heap before
{Heap before GC invocations=14 (full 0):
 garbage-first heap   total 189440K, used 145059K [0x0000000080000000, 0x0000000100000000)
  region size 1024K, 98 young (100352K), 2 survivors (2048K)
 Metaspace       used 66386K, capacity 67961K, committed 68172K, reserved 1107968K
  class space    used 8433K, capacity 9035K, committed 9088K, reserved 1048576K
}
Event: 11.363 GC heap after
{Heap after GC invocations=15 (full 0):
 garbage-first heap   total 189440K, used 53048K [0x0000000080000000, 0x0000000100000000)
  region size 1024K, 9 young (9216K), 9 survivors (9216K)
 Metaspace       used 66386K, capacity 67961K, committed 68172K, reserved 1107968K
  class space    used 8433K, capacity 9035K, committed 9088K, reserved 1048576K
}
Event: 13.054 GC heap before
{Heap before GC invocations=15 (full 0):
 garbage-first heap   total 189440K, used 145208K [0x0000000080000000, 0x0000000100000000)
  region size 1024K, 99 young (101376K), 9 survivors (9216K)
 Metaspace       used 74703K, capacity 76509K, committed 76748K, reserved 1116160K
  class space    used 9720K, capacity 10387K, committed 10496K, reserved 1048576K
}
Event: 13.077 GC heap after
{Heap after GC invocations=16 (full 0):
 garbage-first heap   total 227328K, used 59113K [0x0000000080000000, 0x0000000100000000)
  region size 1024K, 6 young (6144K), 6 survivors (6144K)
 Metaspace       used 74703K, capacity 76509K, committed 76748K, reserved 1116160K
  class space    used 9720K, capacity 10387K, committed 10496K, reserved 1048576K
}
Event: 15.742 GC heap before
{Heap before GC invocations=16 (full 0):
 garbage-first heap   total 227328K, used 175849K [0x0000000080000000, 0x0000000100000000)
  region size 1024K, 121 young (123904K), 6 survivors (6144K)
 Metaspace       used 84097K, capacity 86178K, committed 86476K, reserved 1124352K
  class space    used 10928K, capacity 11730K, committed 11776K, reserved 1048576K
}
Event: 15.769 GC heap after
{Heap after GC invocations=17 (full 0):
 garbage-first heap   total 227328K, used 68194K [0x0000000080000000, 0x0000000100000000)
  region size 1024K, 15 young (15360K), 15 survivors (15360K)
 Metaspace       used 84097K, capacity 86178K, committed 86476K, reserved 1124352K
  class space    used 10928K, capacity 11730K, committed 11776K, reserved 1048576K
}
Event: 18.228 GC heap before
{Heap before GC invocations=17 (full 0):
 garbage-first heap   total 227328K, used 180834K [0x0000000080000000, 0x0000000100000000)
  region size 1024K, 123 young (125952K), 15 survivors (15360K)
 Metaspace       used 86915K, capacity 89045K, committed 89292K, reserved 1126400K
  class space    used 11216K, capacity 12020K, committed 12032K, reserved 1048576K
}
Event: 18.285 GC heap after
{Heap after GC invocations=18 (full 0):
 garbage-first heap   total 227328K, used 90840K [0x0000000080000000, 0x0000000100000000)
  region size 1024K, 16 young (16384K), 16 survivors (16384K)
 Metaspace       used 86915K, capacity 89045K, committed 89292K, reserved 1126400K
  class space    used 11216K, capacity 12020K, committed 12032K, reserved 1048576K
}
Event: 20.015 GC heap before
{Heap before GC invocations=18 (full 0):
 garbage-first heap   total 227328K, used 193240K [0x0000000080000000, 0x0000000100000000)
  region size 1024K, 94 young (96256K), 16 survivors (16384K)
 Metaspace       used 88334K, capacity 90585K, committed 90700K, reserved 1128448K
  class space    used 11333K, capacity 12159K, committed 12160K, reserved 1048576K
}
Event: 20.047 GC heap after
{Heap after GC invocations=19 (full 0):
 garbage-first heap   total 227328K, used 99840K [0x0000000080000000, 0x0000000100000000)
  region size 1024K, 9 young (9216K), 9 survivors (9216K)
 Metaspace       used 88334K, capacity 90585K, committed 90700K, reserved 1128448K
  class space    used 11333K, capacity 12159K, committed 12160K, reserved 1048576K
}
Event: 21.277 GC heap before
{Heap before GC invocations=19 (full 0):
 garbage-first heap   total 227328K, used 173567K [0x0000000080000000, 0x0000000100000000)
  region size 1024K, 82 young (83968K), 9 survivors (9216K)
 Metaspace       used 92123K, capacity 94356K, committed 94668K, reserved 1132544K
  class space    used 11620K, capacity 12447K, committed 12544K, reserved 1048576K
}

