# JRE version: OpenJDK Runtime Environment (11.0.12+7) (build 11.0.12+7-b1504.28-7817840)
# Java VM: OpenJDK 64-Bit Server VM (11.0.12+7-b1504.28-7817840, mixed mode, tiered, compressed oops, g1 gc, windows-amd64)
Heap:
 garbage-first heap   total 568320K, used 234748K [0x0000000080000000, 0x0000000100000000)
  region size 1024K, 7 young (7168K), 7 survivors (7168K)
 Metaspace       used 108912K, capacity 111554K, committed 111820K, reserved 1146880K
  class space    used 13795K, capacity 14806K, committed 14848K, reserved 1048576K
GC Heap History (20 events):
Event: 35.505 GC heap after
{Heap after GC invocations=32 (full 0):
 garbage-first heap   total 227328K, used 140176K [0x0000000080000000, 0x0000000100000000)
  region size 1024K, 2 young (2048K), 2 survivors (2048K)
 Metaspace       used 102606K, capacity 104872K, committed 105036K, reserved 1140736K
  class space    used 12833K, capacity 13671K, committed 13696K, reserved 1048576K
}
Event: 35.583 GC heap before
{Heap before GC invocations=32 (full 0):
 garbage-first heap   total 227328K, used 145296K [0x0000000080000000, 0x0000000100000000)
  region size 1024K, 8 young (8192K), 2 survivors (2048K)
 Metaspace       used 102634K, capacity 104940K, committed 105036K, reserved 1140736K
  class space    used 12839K, capacity 13673K, committed 13696K, reserved 1048576K
}
Event: 35.599 GC heap after
{Heap after GC invocations=33 (full 0):
 garbage-first heap   total 227328K, used 142336K [0x0000000080000000, 0x0000000100000000)
  region size 1024K, 4 young (4096K), 4 survivors (4096K)
 Metaspace       used 102634K, capacity 104940K, committed 105036K, reserved 1140736K
  class space    used 12839K, capacity 13673K, committed 13696K, reserved 1048576K
}
Event: 36.507 GC heap before
{Heap before GC invocations=34 (full 0):
 garbage-first heap   total 227328K, used 160768K [0x0000000080000000, 0x0000000100000000)
  region size 1024K, 22 young (22528K), 4 survivors (4096K)
 Metaspace       used 104861K, capacity 107272K, committed 107340K, reserved 1142784K
  class space    used 13286K, capacity 14174K, committed 14208K, reserved 1048576K
}
Event: 36.546 GC heap after
{Heap after GC invocations=35 (full 0):
 garbage-first heap   total 273408K, used 149728K [0x0000000080000000, 0x0000000100000000)
  region size 1024K, 3 young (3072K), 3 survivors (3072K)
 Metaspace       used 104861K, capacity 107272K, committed 107340K, reserved 1142784K
  class space    used 13286K, capacity 14174K, committed 14208K, reserved 1048576K
}
Event: 36.710 GC heap before
{Heap before GC invocations=35 (full 0):
 garbage-first heap   total 273408K, used 159968K [0x0000000080000000, 0x0000000100000000)
  region size 1024K, 13 young (13312K), 3 survivors (3072K)
 Metaspace       used 104935K, capacity 107345K, committed 107596K, reserved 1142784K
  class space    used 13286K, capacity 14174K, committed 14208K, reserved 1048576K
}
Event: 36.736 GC heap after
{Heap after GC invocations=36 (full 0):
 garbage-first heap   total 273408K, used 154896K [0x0000000080000000, 0x0000000100000000)
  region size 1024K, 2 young (2048K), 2 survivors (2048K)
 Metaspace       used 104935K, capacity 107345K, committed 107596K, reserved 1142784K
  class space    used 13286K, capacity 14174K, committed 14208K, reserved 1048576K
}
Event: 37.215 GC heap before
{Heap before GC invocations=36 (full 0):
 garbage-first heap   total 273408K, used 186640K [0x0000000080000000, 0x0000000100000000)
  region size 1024K, 33 young (33792K), 2 survivors (2048K)
 Metaspace       used 105064K, capacity 107427K, committed 107596K, reserved 1142784K
  class space    used 13294K, capacity 14179K, committed 14208K, reserved 1048576K
}
Event: 37.262 GC heap after
{Heap after GC invocations=37 (full 0):
 garbage-first heap   total 273408K, used 171008K [0x0000000080000000, 0x0000000100000000)
  region size 1024K, 5 young (5120K), 5 survivors (5120K)
 Metaspace       used 105064K, capacity 107427K, committed 107596K, reserved 1142784K
  class space    used 13294K, capacity 14179K, committed 14208K, reserved 1048576K
}
Event: 38.130 GC heap before
{Heap before GC invocations=37 (full 0):
 garbage-first heap   total 273408K, used 203776K [0x0000000080000000, 0x0000000100000000)
  region size 1024K, 37 young (37888K), 5 survivors (5120K)
 Metaspace       used 105070K, capacity 107491K, committed 107596K, reserved 1142784K
  class space    used 13294K, capacity 14179K, committed 14208K, reserved 1048576K
}
Event: 38.182 GC heap after
{Heap after GC invocations=38 (full 0):
 garbage-first heap   total 273408K, used 188416K [0x0000000080000000, 0x0000000100000000)
  region size 1024K, 5 young (5120K), 5 survivors (5120K)
 Metaspace       used 105070K, capacity 107491K, committed 107596K, reserved 1142784K
  class space    used 13294K, capacity 14179K, committed 14208K, reserved 1048576K
}
Event: 38.501 GC heap before
{Heap before GC invocations=39 (full 0):
 garbage-first heap   total 273408K, used 212992K [0x0000000080000000, 0x0000000100000000)
  region size 1024K, 30 young (30720K), 5 survivors (5120K)
 Metaspace       used 105071K, capacity 107491K, committed 107596K, reserved 1142784K
  class space    used 13294K, capacity 14179K, committed 14208K, reserved 1048576K
}
Event: 38.548 GC heap after
{Heap after GC invocations=40 (full 0):
 garbage-first heap   total 439296K, used 202752K [0x0000000080000000, 0x0000000100000000)
  region size 1024K, 4 young (4096K), 4 survivors (4096K)
 Metaspace       used 105071K, capacity 107491K, committed 107596K, reserved 1142784K
  class space    used 13294K, capacity 14179K, committed 14208K, reserved 1048576K
}
Event: 39.244 GC heap before
{Heap before GC invocations=40 (full 0):
 garbage-first heap   total 439296K, used 220160K [0x0000000080000000, 0x0000000100000000)
  region size 1024K, 21 young (21504K), 4 survivors (4096K)
 Metaspace       used 107102K, capacity 109575K, committed 109772K, reserved 1144832K
  class space    used 13565K, capacity 14483K, committed 14592K, reserved 1048576K
}
Event: 39.265 GC heap after
{Heap after GC invocations=41 (full 0):
 garbage-first heap   total 439296K, used 206336K [0x0000000080000000, 0x0000000100000000)
  region size 1024K, 3 young (3072K), 3 survivors (3072K)
 Metaspace       used 107102K, capacity 109575K, committed 109772K, reserved 1144832K
  class space    used 13565K, capacity 14483K, committed 14592K, reserved 1048576K
}
Event: 40.254 GC heap before
{Heap before GC invocations=41 (full 0):
 garbage-first heap   total 439296K, used 248320K [0x0000000080000000, 0x0000000100000000)
  region size 1024K, 44 young (45056K), 3 survivors (3072K)
 Metaspace       used 108090K, capacity 110750K, committed 111052K, reserved 1144832K
  class space    used 13717K, capacity 14722K, committed 14848K, reserved 1048576K
}
Event: 40.286 GC heap after
{Heap after GC invocations=42 (full 0):
 garbage-first heap   total 439296K, used 210584K [0x0000000080000000, 0x0000000100000000)
  region size 1024K, 6 young (6144K), 6 survivors (6144K)
 Metaspace       used 108090K, capacity 110750K, committed 111052K, reserved 1144832K
  class space    used 13717K, capacity 14722K, committed 14848K, reserved 1048576K
}
Event: 41.267 GC heap before
{Heap before GC invocations=42 (full 0):
 garbage-first heap   total 439296K, used 263832K [0x0000000080000000, 0x0000000100000000)
  region size 1024K, 56 young (57344K), 6 survivors (6144K)
 Metaspace       used 108484K, capacity 111165K, committed 111308K, reserved 1146880K
  class space    used 13752K, capacity 14746K, committed 14848K, reserved 1048576K
}
Event: 41.307 GC heap after
{Heap after GC invocations=43 (full 0):
 garbage-first heap   total 439296K, used 216968K [0x0000000080000000, 0x0000000100000000)
  region size 1024K, 4 young (4096K), 4 survivors (4096K)
 Metaspace       used 108484K, capacity 111165K, committed 111308K, reserved 1146880K
  class space    used 13752K, capacity 14746K, committed 14848K, reserved 1048576K
}
Event: 43.385 GC heap before
{Heap before GC invocations=43 (full 0):
 garbage-first heap   total 439296K, used 295816K [0x0000000080000000, 0x0000000100000000)
  region size 1024K, 67 young (68608K), 4 survivors (4096K)
 Metaspace       used 108912K, capacity 111554K, committed 111820K, reserved 1146880K
  class space    used 13795K, capacity 14806K, committed 14848K, reserved 1048576K
}

