# JRE version: OpenJDK Runtime Environment (11.0.12+7) (build 11.0.12+7-b1504.28-7817840)
# Java VM: OpenJDK 64-Bit Server VM (11.0.12+7-b1504.28-7817840, mixed mode, tiered, compressed oops, g1 gc, windows-amd64)
Heap:
 garbage-first heap   total 227328K, used 74438K [0x0000000080000000, 0x0000000100000000)
  region size 1024K, 24 young (24576K), 9 survivors (9216K)
 Metaspace       used 79548K, capacity 81378K, committed 81484K, reserved 1120256K
  class space    used 10369K, capacity 11033K, committed 11136K, reserved 1048576K
GC Heap History (20 events):
Event: 3.284 GC heap before
{Heap before GC invocations=4 (full 0):
 garbage-first heap   total 131072K, used 42691K [0x0000000080000000, 0x0000000100000000)
  region size 1024K, 34 young (34816K), 6 survivors (6144K)
 Metaspace       used 20731K, capacity 21135K, committed 21248K, reserved 1067008K
  class space    used 2547K, capacity 2710K, committed 2816K, reserved 1048576K
}
Event: 3.291 GC heap after
{Heap after GC invocations=5 (full 0):
 garbage-first heap   total 131072K, used 17263K [0x0000000080000000, 0x0000000100000000)
  region size 1024K, 1 young (1024K), 1 survivors (1024K)
 Metaspace       used 20731K, capacity 21135K, committed 21248K, reserved 1067008K
  class space    used 2547K, capacity 2710K, committed 2816K, reserved 1048576K
}
Event: 4.021 GC heap before
{Heap before GC invocations=6 (full 0):
 garbage-first heap   total 131072K, used 67439K [0x0000000080000000, 0x0000000100000000)
  region size 1024K, 50 young (51200K), 1 survivors (1024K)
 Metaspace       used 26029K, capacity 26553K, committed 26752K, reserved 1073152K
  class space    used 3369K, capacity 3585K, committed 3712K, reserved 1048576K
}
Event: 4.030 GC heap after
{Heap after GC invocations=7 (full 0):
 garbage-first heap   total 157696K, used 19139K [0x0000000080000000, 0x0000000100000000)
  region size 1024K, 3 young (3072K), 3 survivors (3072K)
 Metaspace       used 26029K, capacity 26553K, committed 26752K, reserved 1073152K
  class space    used 3369K, capacity 3585K, committed 3712K, reserved 1048576K
}
Event: 5.255 GC heap before
{Heap before GC invocations=7 (full 0):
 garbage-first heap   total 157696K, used 79555K [0x0000000080000000, 0x0000000100000000)
  region size 1024K, 63 young (64512K), 3 survivors (3072K)
 Metaspace       used 34919K, capacity 35722K, committed 35840K, reserved 1081344K
  class space    used 4531K, capacity 4839K, committed 4864K, reserved 1048576K
}
Event: 5.273 GC heap after
{Heap after GC invocations=8 (full 0):
 garbage-first heap   total 157696K, used 22332K [0x0000000080000000, 0x0000000100000000)
  region size 1024K, 6 young (6144K), 6 survivors (6144K)
 Metaspace       used 34919K, capacity 35722K, committed 35840K, reserved 1081344K
  class space    used 4531K, capacity 4839K, committed 4864K, reserved 1048576K
}
Event: 6.473 GC heap before
{Heap before GC invocations=9 (full 0):
 garbage-first heap   total 157696K, used 96060K [0x0000000080000000, 0x0000000100000000)
  region size 1024K, 75 young (76800K), 6 survivors (6144K)
 Metaspace       used 40690K, capacity 41595K, committed 41932K, reserved 1085440K
  class space    used 5196K, capacity 5513K, committed 5632K, reserved 1048576K
}
Event: 6.491 GC heap after
{Heap after GC invocations=10 (full 0):
 garbage-first heap   total 157696K, used 28135K [0x0000000080000000, 0x0000000100000000)
  region size 1024K, 9 young (9216K), 9 survivors (9216K)
 Metaspace       used 40690K, capacity 41595K, committed 41932K, reserved 1085440K
  class space    used 5196K, capacity 5513K, committed 5632K, reserved 1048576K
}
Event: 7.588 GC heap before
{Heap before GC invocations=10 (full 0):
 garbage-first heap   total 157696K, used 101863K [0x0000000080000000, 0x0000000100000000)
  region size 1024K, 81 young (82944K), 9 survivors (9216K)
 Metaspace       used 47134K, capacity 48257K, committed 48460K, reserved 1091584K
  class space    used 6092K, capacity 6513K, committed 6528K, reserved 1048576K
}
Event: 7.612 GC heap after
{Heap after GC invocations=11 (full 0):
 garbage-first heap   total 157696K, used 30473K [0x0000000080000000, 0x0000000100000000)
  region size 1024K, 3 young (3072K), 3 survivors (3072K)
 Metaspace       used 47134K, capacity 48257K, committed 48460K, reserved 1091584K
  class space    used 6092K, capacity 6513K, committed 6528K, reserved 1048576K
}
Event: 9.442 GC heap before
{Heap before GC invocations=11 (full 0):
 garbage-first heap   total 157696K, used 113417K [0x0000000080000000, 0x0000000100000000)
  region size 1024K, 81 young (82944K), 3 survivors (3072K)
 Metaspace       used 52641K, capacity 53893K, committed 54092K, reserved 1095680K
  class space    used 6724K, capacity 7195K, committed 7296K, reserved 1048576K
}
Event: 9.456 GC heap after
{Heap after GC invocations=12 (full 0):
 garbage-first heap   total 189440K, used 44006K [0x0000000080000000, 0x0000000100000000)
  region size 1024K, 11 young (11264K), 11 survivors (11264K)
 Metaspace       used 52641K, capacity 53893K, committed 54092K, reserved 1095680K
  class space    used 6724K, capacity 7195K, committed 7296K, reserved 1048576K
}
Event: 10.342 GC heap before
{Heap before GC invocations=12 (full 0):
 garbage-first heap   total 189440K, used 82918K [0x0000000080000000, 0x0000000100000000)
  region size 1024K, 50 young (51200K), 11 survivors (11264K)
 Metaspace       used 58700K, capacity 60116K, committed 60236K, reserved 1101824K
  class space    used 7426K, capacity 7945K, committed 8064K, reserved 1048576K
}
Event: 10.368 GC heap after
{Heap after GC invocations=13 (full 0):
 garbage-first heap   total 189440K, used 46188K [0x0000000080000000, 0x0000000100000000)
  region size 1024K, 2 young (2048K), 2 survivors (2048K)
 Metaspace       used 58700K, capacity 60116K, committed 60236K, reserved 1101824K
  class space    used 7426K, capacity 7945K, committed 8064K, reserved 1048576K
}
Event: 11.904 GC heap before
{Heap before GC invocations=14 (full 0):
 garbage-first heap   total 189440K, used 117868K [0x0000000080000000, 0x0000000100000000)
  region size 1024K, 72 young (73728K), 2 survivors (2048K)
 Metaspace       used 65861K, capacity 67427K, committed 67532K, reserved 1107968K
  class space    used 8329K, capacity 8900K, committed 8960K, reserved 1048576K
}
Event: 11.920 GC heap after
{Heap after GC invocations=15 (full 0):
 garbage-first heap   total 189440K, used 52295K [0x0000000080000000, 0x0000000100000000)
  region size 1024K, 8 young (8192K), 8 survivors (8192K)
 Metaspace       used 65861K, capacity 67427K, committed 67532K, reserved 1107968K
  class space    used 8329K, capacity 8900K, committed 8960K, reserved 1048576K
}
Event: 13.163 GC heap before
{Heap before GC invocations=15 (full 0):
 garbage-first heap   total 189440K, used 123975K [0x0000000080000000, 0x0000000100000000)
  region size 1024K, 78 young (79872K), 8 survivors (8192K)
 Metaspace       used 70787K, capacity 72377K, committed 72524K, reserved 1112064K
  class space    used 9159K, capacity 9757K, committed 9856K, reserved 1048576K
}
Event: 13.183 GC heap after
{Heap after GC invocations=16 (full 0):
 garbage-first heap   total 189440K, used 56322K [0x0000000080000000, 0x0000000100000000)
  region size 1024K, 6 young (6144K), 6 survivors (6144K)
 Metaspace       used 70787K, capacity 72377K, committed 72524K, reserved 1112064K
  class space    used 9159K, capacity 9757K, committed 9856K, reserved 1048576K
}
Event: 14.677 GC heap before
{Heap before GC invocations=16 (full 0):
 garbage-first heap   total 189440K, used 129026K [0x0000000080000000, 0x0000000100000000)
  region size 1024K, 77 young (78848K), 6 survivors (6144K)
 Metaspace       used 78448K, capacity 80210K, committed 80332K, reserved 1118208K
  class space    used 10255K, capacity 10946K, committed 11008K, reserved 1048576K
}
Event: 14.693 GC heap after
{Heap after GC invocations=17 (full 0):
 garbage-first heap   total 227328K, used 60102K [0x0000000080000000, 0x0000000100000000)
  region size 1024K, 9 young (9216K), 9 survivors (9216K)
 Metaspace       used 78448K, capacity 80210K, committed 80332K, reserved 1118208K
  class space    used 10255K, capacity 10946K, committed 11008K, reserved 1048576K
}

