# JRE version: OpenJDK Runtime Environment (11.0.12+7) (build 11.0.12+7-b1504.28-7817840)
# Java VM: OpenJDK 64-Bit Server VM (11.0.12+7-b1504.28-7817840, mixed mode, tiered, compressed oops, g1 gc, windows-amd64)
Heap:
 garbage-first heap   total 227328K, used 125895K [0x0000000080000000, 0x0000000100000000)
  region size 1024K, 26 young (26624K), 2 survivors (2048K)
 Metaspace       used 92959K, capacity 95167K, committed 95436K, reserved 1132544K
  class space    used 11670K, capacity 12526K, committed 12544K, reserved 1048576K
GC Heap History (20 events):
Event: 9.667 GC heap before
{Heap before GC invocations=9 (full 0):
 garbage-first heap   total 157696K, used 119891K [0x0000000080000000, 0x0000000100000000)
  region size 1024K, 92 young (94208K), 9 survivors (9216K)
 Metaspace       used 57168K, capacity 58535K, committed 58700K, reserved 1099776K
  class space    used 7249K, capacity 7768K, committed 7808K, reserved 1048576K
}
Event: 9.687 GC heap after
{Heap after GC invocations=10 (full 0):
 garbage-first heap   total 157696K, used 44032K [0x0000000080000000, 0x0000000100000000)
  region size 1024K, 12 young (12288K), 12 survivors (12288K)
 Metaspace       used 57168K, capacity 58535K, committed 58700K, reserved 1099776K
  class space    used 7249K, capacity 7768K, committed 7808K, reserved 1048576K
}
Event: 9.897 GC heap before
{Heap before GC invocations=10 (full 0):
 garbage-first heap   total 157696K, used 54272K [0x0000000080000000, 0x0000000100000000)
  region size 1024K, 23 young (23552K), 12 survivors (12288K)
 Metaspace       used 58702K, capacity 60106K, committed 60236K, reserved 1101824K
  class space    used 7424K, capacity 7945K, committed 8064K, reserved 1048576K
}
Event: 9.921 GC heap after
{Heap after GC invocations=11 (full 0):
 garbage-first heap   total 189440K, used 46318K [0x0000000080000000, 0x0000000100000000)
  region size 1024K, 2 young (2048K), 2 survivors (2048K)
 Metaspace       used 58702K, capacity 60106K, committed 60236K, reserved 1101824K
  class space    used 7424K, capacity 7945K, committed 8064K, reserved 1048576K
}
Event: 11.285 GC heap before
{Heap before GC invocations=12 (full 0):
 garbage-first heap   total 189440K, used 119022K [0x0000000080000000, 0x0000000100000000)
  region size 1024K, 73 young (74752K), 2 survivors (2048K)
 Metaspace       used 65987K, capacity 67576K, committed 67788K, reserved 1107968K
  class space    used 8341K, capacity 8932K, committed 8960K, reserved 1048576K
}
Event: 11.297 GC heap after
{Heap after GC invocations=13 (full 0):
 garbage-first heap   total 189440K, used 51312K [0x0000000080000000, 0x0000000100000000)
  region size 1024K, 7 young (7168K), 7 survivors (7168K)
 Metaspace       used 65987K, capacity 67576K, committed 67788K, reserved 1107968K
  class space    used 8341K, capacity 8932K, committed 8960K, reserved 1048576K
}
Event: 12.612 GC heap before
{Heap before GC invocations=13 (full 0):
 garbage-first heap   total 189440K, used 125040K [0x0000000080000000, 0x0000000100000000)
  region size 1024K, 79 young (80896K), 7 survivors (7168K)
 Metaspace       used 71166K, capacity 72754K, committed 73036K, reserved 1112064K
  class space    used 9221K, capacity 9822K, committed 9856K, reserved 1048576K
}
Event: 12.630 GC heap after
{Heap after GC invocations=14 (full 0):
 garbage-first heap   total 189440K, used 55685K [0x0000000080000000, 0x0000000100000000)
  region size 1024K, 6 young (6144K), 6 survivors (6144K)
 Metaspace       used 71166K, capacity 72754K, committed 73036K, reserved 1112064K
  class space    used 9221K, capacity 9822K, committed 9856K, reserved 1048576K
}
Event: 14.307 GC heap before
{Heap before GC invocations=14 (full 0):
 garbage-first heap   total 189440K, used 130437K [0x0000000080000000, 0x0000000100000000)
  region size 1024K, 79 young (80896K), 6 survivors (6144K)
 Metaspace       used 78820K, capacity 80629K, committed 80844K, reserved 1120256K
  class space    used 10290K, capacity 10961K, committed 11008K, reserved 1048576K
}
Event: 14.323 GC heap after
{Heap after GC invocations=15 (full 0):
 garbage-first heap   total 189440K, used 59755K [0x0000000080000000, 0x0000000100000000)
  region size 1024K, 10 young (10240K), 10 survivors (10240K)
 Metaspace       used 78820K, capacity 80629K, committed 80844K, reserved 1120256K
  class space    used 10290K, capacity 10961K, committed 11008K, reserved 1048576K
}
Event: 15.924 GC heap before
{Heap before GC invocations=15 (full 0):
 garbage-first heap   total 189440K, used 134507K [0x0000000080000000, 0x0000000100000000)
  region size 1024K, 84 young (86016K), 10 survivors (10240K)
 Metaspace       used 84069K, capacity 86189K, committed 86476K, reserved 1124352K
  class space    used 10930K, capacity 11738K, committed 11776K, reserved 1048576K
}
Event: 15.950 GC heap after
{Heap after GC invocations=16 (full 0):
 garbage-first heap   total 189440K, used 66861K [0x0000000080000000, 0x0000000100000000)
  region size 1024K, 11 young (11264K), 11 survivors (11264K)
 Metaspace       used 84069K, capacity 86189K, committed 86476K, reserved 1124352K
  class space    used 10930K, capacity 11738K, committed 11776K, reserved 1048576K
}
Event: 17.828 GC heap before
{Heap before GC invocations=16 (full 0):
 garbage-first heap   total 189440K, used 139565K [0x0000000080000000, 0x0000000100000000)
  region size 1024K, 83 young (84992K), 11 survivors (11264K)
 Metaspace       used 85909K, capacity 88038K, committed 88268K, reserved 1126400K
  class space    used 11121K, capacity 11962K, committed 12032K, reserved 1048576K
}
Event: 17.859 GC heap after
{Heap after GC invocations=17 (full 0):
 garbage-first heap   total 189440K, used 75673K [0x0000000080000000, 0x0000000100000000)
  region size 1024K, 9 young (9216K), 9 survivors (9216K)
 Metaspace       used 85909K, capacity 88038K, committed 88268K, reserved 1126400K
  class space    used 11121K, capacity 11962K, committed 12032K, reserved 1048576K
}
Event: 19.203 GC heap before
{Heap before GC invocations=17 (full 0):
 garbage-first heap   total 189440K, used 153497K [0x0000000080000000, 0x0000000100000000)
  region size 1024K, 75 young (76800K), 9 survivors (9216K)
 Metaspace       used 87662K, capacity 89807K, committed 89932K, reserved 1126400K
  class space    used 11290K, capacity 12084K, committed 12160K, reserved 1048576K
}
Event: 19.238 GC heap after
{Heap after GC invocations=18 (full 0):
 garbage-first heap   total 227328K, used 92160K [0x0000000080000000, 0x0000000100000000)
  region size 1024K, 10 young (10240K), 10 survivors (10240K)
 Metaspace       used 87662K, capacity 89807K, committed 89932K, reserved 1126400K
  class space    used 11290K, capacity 12084K, committed 12160K, reserved 1048576K
}
Event: 21.027 GC heap before
{Heap before GC invocations=18 (full 0):
 garbage-first heap   total 227328K, used 181248K [0x0000000080000000, 0x0000000100000000)
  region size 1024K, 83 young (84992K), 10 survivors (10240K)
 Metaspace       used 91252K, capacity 93422K, committed 93516K, reserved 1130496K
  class space    used 11572K, capacity 12392K, committed 12416K, reserved 1048576K
}
Event: 21.056 GC heap after
{Heap after GC invocations=19 (full 0):
 garbage-first heap   total 227328K, used 103909K [0x0000000080000000, 0x0000000100000000)
  region size 1024K, 11 young (11264K), 11 survivors (11264K)
 Metaspace       used 91252K, capacity 93422K, committed 93516K, reserved 1130496K
  class space    used 11572K, capacity 12392K, committed 12416K, reserved 1048576K
}
Event: 21.992 GC heap before
{Heap before GC invocations=19 (full 0):
 garbage-first heap   total 227328K, used 172517K [0x0000000080000000, 0x0000000100000000)
  region size 1024K, 78 young (79872K), 11 survivors (11264K)
 Metaspace       used 92510K, capacity 94734K, committed 94924K, reserved 1132544K
  class space    used 11649K, capacity 12488K, committed 12544K, reserved 1048576K
}
Event: 22.006 GC heap after
{Heap after GC invocations=20 (full 0):
 garbage-first heap   total 227328K, used 103367K [0x0000000080000000, 0x0000000100000000)
  region size 1024K, 2 young (2048K), 2 survivors (2048K)
 Metaspace       used 92510K, capacity 94734K, committed 94924K, reserved 1132544K
  class space    used 11649K, capacity 12488K, committed 12544K, reserved 1048576K
}

